Flow report for DSP_FPGA_COMM
Fri Jun 10 20:23:48 2022
Quartus II 64-Bit Version 13.1.0 Build 162 10/23/2013 SJ Full Version


---------------------
; Table of Contents ;
---------------------
  1. Legal Notice
  2. Flow Summary
  3. Flow Settings
  4. Flow Non-Default Global Settings
  5. Flow Elapsed Time
  6. Flow OS Summary
  7. Flow Log
  8. Flow Messages
  9. Flow Suppressed Messages



----------------
; Legal Notice ;
----------------
Copyright (C) 1991-2013 Altera Corporation
Your use of Altera Corporation's design tools, logic functions 
and other software and tools, and its AMPP partner logic 
functions, and any output files from any of the foregoing 
(including device programming or simulation files), and any 
associated documentation or information are expressly subject 
to the terms and conditions of the Altera Program License 
Subscription Agreement, Altera MegaCore Function License 
Agreement, or other applicable license agreement, including, 
without limitation, that your use is for the sole purpose of 
programming logic devices manufactured by Altera and sold by 
Altera or its authorized distributors.  Please refer to the 
applicable agreement for further details.



+----------------------------------------------------------------------------------+
; Flow Summary                                                                     ;
+------------------------------------+---------------------------------------------+
; Flow Status                        ; Successful - Fri Jun 10 20:23:48 2022       ;
; Quartus II 64-Bit Version          ; 13.1.0 Build 162 10/23/2013 SJ Full Version ;
; Revision Name                      ; DSP_FPGA_COMM                               ;
; Top-level Entity Name              ; PARA_COMM                                   ;
; Family                             ; Cyclone IV E                                ;
; Device                             ; EP4CE115F23I7                               ;
; Timing Models                      ; Final                                       ;
; Total logic elements               ; 1,793 / 114,480 ( 2 % )                     ;
;     Total combinational functions  ; 920 / 114,480 ( < 1 % )                     ;
;     Dedicated logic registers      ; 1,500 / 114,480 ( 1 % )                     ;
; Total registers                    ; 1500                                        ;
; Total pins                         ; 71 / 281 ( 25 % )                           ;
; Total virtual pins                 ; 0                                           ;
; Total memory bits                  ; 1,343,488 / 3,981,312 ( 34 % )              ;
; Embedded Multiplier 9-bit elements ; 0 / 532 ( 0 % )                             ;
; Total PLLs                         ; 1 / 4 ( 25 % )                              ;
+------------------------------------+---------------------------------------------+


+-----------------------------------------+
; Flow Settings                           ;
+-------------------+---------------------+
; Option            ; Setting             ;
+-------------------+---------------------+
; Start date & time ; 06/10/2022 20:23:07 ;
; Main task         ; Compilation         ;
; Revision Name     ; DSP_FPGA_COMM       ;
+-------------------+---------------------+


+--------------------------------------------------------------------------------------------------------------------------------------------------------------------------------------------------------------------------------------------------------------------------------------------------------------------------------------------------------------------------------------+
; Flow Non-Default Global Settings                                                                                                                                                                                                                                                                                                                                                     ;
+--------------------------------------+-------------------------------------------------------------------------------------------------------------------------------------------------------------------------------------------------------------------------------------------------------------------------------------------+---------------+-------------+---------------------+
; Assignment Name                      ; Value                                                                                                                                                                                                                                                                                     ; Default Value ; Entity Name ; Section Id          ;
+--------------------------------------+-------------------------------------------------------------------------------------------------------------------------------------------------------------------------------------------------------------------------------------------------------------------------------------------+---------------+-------------+---------------------+
; COMPILER_SIGNATURE_ID                ; 229549755978745.165486378704932                                                                                                                                                                                                                                                           ; --            ; --          ; --                  ;
; EDA_DESIGN_INSTANCE_NAME             ; NA                                                                                                                                                                                                                                                                                        ; --            ; --          ; FPGAWR_DSPRE_tb.vhd ;
; EDA_DESIGN_INSTANCE_NAME             ; NA                                                                                                                                                                                                                                                                                        ; --            ; --          ; DSPWR_FPGARE_tb.vhd ;
; EDA_DESIGN_INSTANCE_NAME             ; NA                                                                                                                                                                                                                                                                                        ; --            ; --          ; PARACOMM_tb.vhd     ;
; EDA_DESIGN_INSTANCE_NAME             ; NA                                                                                                                                                                                                                                                                                        ; --            ; --          ; DATABUS_SWAP_tb.vhd ;
; EDA_DESIGN_INSTANCE_NAME             ; NA                                                                                                                                                                                                                                                                                        ; --            ; --          ; RAM_WR_tb.vhd       ;
; EDA_DESIGN_INSTANCE_NAME             ; NA                                                                                                                                                                                                                                                                                        ; --            ; --          ; DA_DATA_tb.vhd      ;
; EDA_ENABLE_GLITCH_FILTERING          ; Off                                                                                                                                                                                                                                                                                       ; --            ; --          ; eda_simulation      ;
; EDA_GENERATE_FUNCTIONAL_NETLIST      ; On                                                                                                                                                                                                                                                                                        ; --            ; --          ; eda_simulation      ;
; EDA_MAP_ILLEGAL_CHARACTERS           ; Off                                                                                                                                                                                                                                                                                       ; --            ; --          ; eda_simulation      ;
; EDA_NATIVELINK_SIMULATION_TEST_BENCH ; PARACOMM_tb.vhd                                                                                                                                                                                                                                                                           ; --            ; --          ; eda_simulation      ;
; EDA_OUTPUT_DATA_FORMAT               ; Vhdl                                                                                                                                                                                                                                                                                      ; --            ; --          ; eda_simulation      ;
; EDA_SIMULATION_TOOL                  ; ModelSim (VHDL)                                                                                                                                                                                                                                                                           ; <None>        ; --          ; --                  ;
; EDA_TEST_BENCH_ENABLE_STATUS         ; TEST_BENCH_MODE                                                                                                                                                                                                                                                                           ; --            ; --          ; eda_simulation      ;
; EDA_TEST_BENCH_FILE                  ; ../Sim/FPGAWR_DSPRE_tb.vhd                                                                                                                                                                                                                                                                ; --            ; --          ; FPGAWR_DSPRE_tb.vhd ;
; EDA_TEST_BENCH_FILE                  ; ../Sim/DSPWR_FPGARE_tb.vhd                                                                                                                                                                                                                                                                ; --            ; --          ; DSPWR_FPGARE_tb.vhd ;
; EDA_TEST_BENCH_FILE                  ; ../Sim/PARACOMM_tb.vhd                                                                                                                                                                                                                                                                    ; --            ; --          ; PARACOMM_tb.vhd     ;
; EDA_TEST_BENCH_FILE                  ; ../Sim/DATABUS_SWAP_tb.vhd                                                                                                                                                                                                                                                                ; --            ; --          ; DATABUS_SWAP_tb.vhd ;
; EDA_TEST_BENCH_FILE                  ; ../Sim/RAM_WR_tb.vhd                                                                                                                                                                                                                                                                      ; --            ; --          ; RAM_WR_tb.vhd       ;
; EDA_TEST_BENCH_FILE                  ; ../Sim/DA_DATA_tb.vhd                                                                                                                                                                                                                                                                     ; --            ; --          ; DA_DATA_tb.vhd      ;
; EDA_TEST_BENCH_MODULE_NAME           ; FPGAWR_DSPRE_tb                                                                                                                                                                                                                                                                           ; --            ; --          ; FPGAWR_DSPRE_tb.vhd ;
; EDA_TEST_BENCH_MODULE_NAME           ; DSPWR_FPGARE_tb                                                                                                                                                                                                                                                                           ; --            ; --          ; DSPWR_FPGARE_tb.vhd ;
; EDA_TEST_BENCH_MODULE_NAME           ; PARACOMM_tb                                                                                                                                                                                                                                                                               ; --            ; --          ; PARACOMM_tb.vhd     ;
; EDA_TEST_BENCH_MODULE_NAME           ; DATABUS_SWAP_tb                                                                                                                                                                                                                                                                           ; --            ; --          ; DATABUS_SWAP_tb.vhd ;
; EDA_TEST_BENCH_MODULE_NAME           ; RAM_WR_tb                                                                                                                                                                                                                                                                                 ; --            ; --          ; RAM_WR_tb.vhd       ;
; EDA_TEST_BENCH_MODULE_NAME           ; DA_DATA_tb                                                                                                                                                                                                                                                                                ; --            ; --          ; DA_DATA_tb.vhd      ;
; EDA_TEST_BENCH_NAME                  ; FPGAWR_DSPRE_tb.vhd                                                                                                                                                                                                                                                                       ; --            ; --          ; eda_simulation      ;
; EDA_TEST_BENCH_NAME                  ; DSPWR_FPGARE_tb.vhd                                                                                                                                                                                                                                                                       ; --            ; --          ; eda_simulation      ;
; EDA_TEST_BENCH_NAME                  ; PARACOMM_tb.vhd                                                                                                                                                                                                                                                                           ; --            ; --          ; eda_simulation      ;
; EDA_TEST_BENCH_NAME                  ; DATABUS_SWAP_tb.vhd                                                                                                                                                                                                                                                                       ; --            ; --          ; eda_simulation      ;
; EDA_TEST_BENCH_NAME                  ; RAM_WR_tb.vhd                                                                                                                                                                                                                                                                             ; --            ; --          ; eda_simulation      ;
; EDA_TEST_BENCH_NAME                  ; DA_DATA_tb.vhd                                                                                                                                                                                                                                                                            ; --            ; --          ; eda_simulation      ;
; EDA_TIME_SCALE                       ; 1 ps                                                                                                                                                                                                                                                                                      ; --            ; --          ; eda_simulation      ;
; ENABLE_SIGNALTAP                     ; On                                                                                                                                                                                                                                                                                        ; --            ; --          ; --                  ;
; IP_TOOL_NAME                         ; RAM: 2-PORT                                                                                                                                                                                                                                                                               ; --            ; --          ; --                  ;
; IP_TOOL_NAME                         ; ALTPLL                                                                                                                                                                                                                                                                                    ; --            ; --          ; --                  ;
; IP_TOOL_VERSION                      ; 13.1                                                                                                                                                                                                                                                                                      ; --            ; --          ; --                  ;
; IP_TOOL_VERSION                      ; 13.1                                                                                                                                                                                                                                                                                      ; --            ; --          ; --                  ;
; MAX_CORE_JUNCTION_TEMP               ; 100                                                                                                                                                                                                                                                                                       ; --            ; --          ; --                  ;
; MIN_CORE_JUNCTION_TEMP               ; -40                                                                                                                                                                                                                                                                                       ; --            ; --          ; --                  ;
; MISC_FILE                            ; ip_core/RAM_2_PORT/RAM_2_PORT_inst.vhd                                                                                                                                                                                                                                                    ; --            ; --          ; --                  ;
; MISC_FILE                            ; ip_core/PLL/PLL_IP_inst.vhd                                                                                                                                                                                                                                                               ; --            ; --          ; --                  ;
; MISC_FILE                            ; ip_core/PLL/PLL_IP.ppf                                                                                                                                                                                                                                                                    ; --            ; --          ; --                  ;
; PARTITION_COLOR                      ; 16764057                                                                                                                                                                                                                                                                                  ; --            ; PARA_COMM   ; Top                 ;
; PARTITION_FITTER_PRESERVATION_LEVEL  ; PLACEMENT_AND_ROUTING                                                                                                                                                                                                                                                                     ; --            ; PARA_COMM   ; Top                 ;
; PARTITION_NETLIST_TYPE               ; SOURCE                                                                                                                                                                                                                                                                                    ; --            ; PARA_COMM   ; Top                 ;
; POWER_BOARD_THERMAL_MODEL            ; None (CONSERVATIVE)                                                                                                                                                                                                                                                                       ; --            ; --          ; --                  ;
; POWER_PRESET_COOLING_SOLUTION        ; 23 MM HEAT SINK WITH 200 LFPM AIRFLOW                                                                                                                                                                                                                                                     ; --            ; --          ; --                  ;
; PROJECT_OUTPUT_DIRECTORY             ; output_files                                                                                                                                                                                                                                                                              ; --            ; --          ; --                  ;
; SLD_FILE                             ; db/para_comm_stp_auto_stripped.stp                                                                                                                                                                                                                                                        ; --            ; --          ; --                  ;
; SLD_NODE_CREATOR_ID                  ; 110                                                                                                                                                                                                                                                                                       ; --            ; --          ; auto_signaltap_0    ;
; SLD_NODE_ENTITY_NAME                 ; sld_signaltap                                                                                                                                                                                                                                                                             ; --            ; --          ; auto_signaltap_0    ;
; SLD_NODE_PARAMETER_ASSIGNMENT        ; SLD_RAM_BLOCK_TYPE=AUTO                                                                                                                                                                                                                                                                   ; --            ; --          ; auto_signaltap_0    ;
; SLD_NODE_PARAMETER_ASSIGNMENT        ; SLD_NODE_INFO=805334528                                                                                                                                                                                                                                                                   ; --            ; --          ; auto_signaltap_0    ;
; SLD_NODE_PARAMETER_ASSIGNMENT        ; SLD_POWER_UP_TRIGGER=0                                                                                                                                                                                                                                                                    ; --            ; --          ; auto_signaltap_0    ;
; SLD_NODE_PARAMETER_ASSIGNMENT        ; SLD_ATTRIBUTE_MEM_MODE=OFF                                                                                                                                                                                                                                                                ; --            ; --          ; auto_signaltap_0    ;
; SLD_NODE_PARAMETER_ASSIGNMENT        ; SLD_STATE_FLOW_USE_GENERATED=0                                                                                                                                                                                                                                                            ; --            ; --          ; auto_signaltap_0    ;
; SLD_NODE_PARAMETER_ASSIGNMENT        ; SLD_STATE_BITS=11                                                                                                                                                                                                                                                                         ; --            ; --          ; auto_signaltap_0    ;
; SLD_NODE_PARAMETER_ASSIGNMENT        ; SLD_BUFFER_FULL_STOP=1                                                                                                                                                                                                                                                                    ; --            ; --          ; auto_signaltap_0    ;
; SLD_NODE_PARAMETER_ASSIGNMENT        ; SLD_CURRENT_RESOURCE_WIDTH=1                                                                                                                                                                                                                                                              ; --            ; --          ; auto_signaltap_0    ;
; SLD_NODE_PARAMETER_ASSIGNMENT        ; SLD_TRIGGER_LEVEL=1                                                                                                                                                                                                                                                                       ; --            ; --          ; auto_signaltap_0    ;
; SLD_NODE_PARAMETER_ASSIGNMENT        ; SLD_TRIGGER_IN_ENABLED=0                                                                                                                                                                                                                                                                  ; --            ; --          ; auto_signaltap_0    ;
; SLD_NODE_PARAMETER_ASSIGNMENT        ; SLD_ADVANCED_TRIGGER_ENTITY=basic,1,                                                                                                                                                                                                                                                      ; --            ; --          ; auto_signaltap_0    ;
; SLD_NODE_PARAMETER_ASSIGNMENT        ; SLD_TRIGGER_LEVEL_PIPELINE=1                                                                                                                                                                                                                                                              ; --            ; --          ; auto_signaltap_0    ;
; SLD_NODE_PARAMETER_ASSIGNMENT        ; SLD_ENABLE_ADVANCED_TRIGGER=0                                                                                                                                                                                                                                                             ; --            ; --          ; auto_signaltap_0    ;
; SLD_NODE_PARAMETER_ASSIGNMENT        ; SLD_STORAGE_QUALIFIER_INVERSION_MASK_LENGTH=0                                                                                                                                                                                                                                             ; --            ; --          ; auto_signaltap_0    ;
; SLD_NODE_PARAMETER_ASSIGNMENT        ; SLD_SEGMENT_SIZE=16384                                                                                                                                                                                                                                                                    ; --            ; --          ; auto_signaltap_0    ;
; SLD_NODE_PARAMETER_ASSIGNMENT        ; SLD_SAMPLE_DEPTH=16384                                                                                                                                                                                                                                                                    ; --            ; --          ; auto_signaltap_0    ;
; SLD_NODE_PARAMETER_ASSIGNMENT        ; SLD_DATA_BITS=78                                                                                                                                                                                                                                                                          ; --            ; --          ; auto_signaltap_0    ;
; SLD_NODE_PARAMETER_ASSIGNMENT        ; SLD_TRIGGER_BITS=78                                                                                                                                                                                                                                                                       ; --            ; --          ; auto_signaltap_0    ;
; SLD_NODE_PARAMETER_ASSIGNMENT        ; SLD_INVERSION_MASK=0000000000000000000000000000000000000000000000000000000000000000000000000000000000000000000000000000000000000000000000000000000000000000000000000000000000000000000000000000000000000000000000000000000000000000000000000000000000000000000000000000000000000000000000 ; --            ; --          ; auto_signaltap_0    ;
; SLD_NODE_PARAMETER_ASSIGNMENT        ; SLD_INVERSION_MASK_LENGTH=262                                                                                                                                                                                                                                                             ; --            ; --          ; auto_signaltap_0    ;
; SLD_NODE_PARAMETER_ASSIGNMENT        ; SLD_NODE_CRC_LOWORD=22153                                                                                                                                                                                                                                                                 ; --            ; --          ; auto_signaltap_0    ;
; SLD_NODE_PARAMETER_ASSIGNMENT        ; SLD_NODE_CRC_HIWORD=27432                                                                                                                                                                                                                                                                 ; --            ; --          ; auto_signaltap_0    ;
; TOP_LEVEL_ENTITY                     ; PARA_COMM                                                                                                                                                                                                                                                                                 ; DSP_FPGA_COMM ; --          ; --                  ;
; USE_SIGNALTAP_FILE                   ; output_files/para_comm_stp.stp                                                                                                                                                                                                                                                            ; --            ; --          ; --                  ;
+--------------------------------------+-------------------------------------------------------------------------------------------------------------------------------------------------------------------------------------------------------------------------------------------------------------------------------------------+---------------+-------------+---------------------+


+-------------------------------------------------------------------------------------------------------------------------------+
; Flow Elapsed Time                                                                                                             ;
+---------------------------+--------------+-------------------------+---------------------+------------------------------------+
; Module Name               ; Elapsed Time ; Average Processors Used ; Peak Virtual Memory ; Total CPU Time (on all processors) ;
+---------------------------+--------------+-------------------------+---------------------+------------------------------------+
; Analysis & Synthesis      ; 00:00:07     ; 1.0                     ; 4740 MB             ; 00:00:07                           ;
; Fitter                    ; 00:00:16     ; 1.8                     ; 5634 MB             ; 00:00:20                           ;
; Assembler                 ; 00:00:06     ; 1.0                     ; 4632 MB             ; 00:00:05                           ;
; TimeQuest Timing Analyzer ; 00:00:04     ; 1.8                     ; 4765 MB             ; 00:00:04                           ;
; EDA Netlist Writer        ; 00:00:01     ; 1.0                     ; 4578 MB             ; 00:00:01                           ;
; Total                     ; 00:00:34     ; --                      ; --                  ; 00:00:37                           ;
+---------------------------+--------------+-------------------------+---------------------+------------------------------------+


+----------------------------------------------------------------------------------------+
; Flow OS Summary                                                                        ;
+---------------------------+------------------+-----------+------------+----------------+
; Module Name               ; Machine Hostname ; OS Name   ; OS Version ; Processor type ;
+---------------------------+------------------+-----------+------------+----------------+
; Analysis & Synthesis      ; DESKTOP-B93GJ7Q  ; Windows 7 ; 6.2        ; x86_64         ;
; Fitter                    ; DESKTOP-B93GJ7Q  ; Windows 7 ; 6.2        ; x86_64         ;
; Assembler                 ; DESKTOP-B93GJ7Q  ; Windows 7 ; 6.2        ; x86_64         ;
; TimeQuest Timing Analyzer ; DESKTOP-B93GJ7Q  ; Windows 7 ; 6.2        ; x86_64         ;
; EDA Netlist Writer        ; DESKTOP-B93GJ7Q  ; Windows 7 ; 6.2        ; x86_64         ;
+---------------------------+------------------+-----------+------------+----------------+


------------
; Flow Log ;
------------
quartus_map --read_settings_files=on --write_settings_files=off DSP_FPGA_COMM -c DSP_FPGA_COMM
quartus_fit --read_settings_files=off --write_settings_files=off DSP_FPGA_COMM -c DSP_FPGA_COMM
quartus_asm --read_settings_files=off --write_settings_files=off DSP_FPGA_COMM -c DSP_FPGA_COMM
quartus_sta DSP_FPGA_COMM -c DSP_FPGA_COMM
quartus_eda --read_settings_files=off --write_settings_files=off DSP_FPGA_COMM -c DSP_FPGA_COMM



