Flow report for DSP_FPGA_PARACOMM
Wed Feb 15 21:50:33 2023
Quartus II 64-Bit Version 13.1.0 Build 162 10/23/2013 SJ Full Version


---------------------
; Table of Contents ;
---------------------
  1. Legal Notice
  2. Flow Summary
  3. Flow Settings
  4. Flow Non-Default Global Settings
  5. Flow Elapsed Time
  6. Flow OS Summary
  7. Flow Log
  8. Flow Messages
  9. Flow Suppressed Messages



----------------
; Legal Notice ;
----------------
Copyright (C) 1991-2013 Altera Corporation
Your use of Altera Corporation's design tools, logic functions 
and other software and tools, and its AMPP partner logic 
functions, and any output files from any of the foregoing 
(including device programming or simulation files), and any 
associated documentation or information are expressly subject 
to the terms and conditions of the Altera Program License 
Subscription Agreement, Altera MegaCore Function License 
Agreement, or other applicable license agreement, including, 
without limitation, that your use is for the sole purpose of 
programming logic devices manufactured by Altera and sold by 
Altera or its authorized distributors.  Please refer to the 
applicable agreement for further details.



+----------------------------------------------------------------------------------+
; Flow Summary                                                                     ;
+------------------------------------+---------------------------------------------+
; Flow Status                        ; Successful - Wed Feb 15 21:50:33 2023       ;
; Quartus II 64-Bit Version          ; 13.1.0 Build 162 10/23/2013 SJ Full Version ;
; Revision Name                      ; DSP_FPGA_PARACOMM                           ;
; Top-level Entity Name              ; PARA_COMM                                   ;
; Family                             ; Cyclone IV E                                ;
; Device                             ; EP4CE115F23I7                               ;
; Timing Models                      ; Final                                       ;
; Total logic elements               ; 169 / 114,480 ( < 1 % )                     ;
;     Total combinational functions  ; 153 / 114,480 ( < 1 % )                     ;
;     Dedicated logic registers      ; 65 / 114,480 ( < 1 % )                      ;
; Total registers                    ; 65                                          ;
; Total pins                         ; 71 / 281 ( 25 % )                           ;
; Total virtual pins                 ; 0                                           ;
; Total memory bits                  ; 65,536 / 3,981,312 ( 2 % )                  ;
; Embedded Multiplier 9-bit elements ; 0 / 532 ( 0 % )                             ;
; Total PLLs                         ; 1 / 4 ( 25 % )                              ;
+------------------------------------+---------------------------------------------+


+-----------------------------------------+
; Flow Settings                           ;
+-------------------+---------------------+
; Option            ; Setting             ;
+-------------------+---------------------+
; Start date & time ; 02/15/2023 21:49:41 ;
; Main task         ; Compilation         ;
; Revision Name     ; DSP_FPGA_PARACOMM   ;
+-------------------+---------------------+


+---------------------------------------------------------------------------------------------------------------------------------------+
; Flow Non-Default Global Settings                                                                                                      ;
+--------------------------------------+----------------------------------------+-------------------+-------------+---------------------+
; Assignment Name                      ; Value                                  ; Default Value     ; Entity Name ; Section Id          ;
+--------------------------------------+----------------------------------------+-------------------+-------------+---------------------+
; COMPILER_SIGNATURE_ID                ; 238390280998991.167646898016624        ; --                ; --          ; --                  ;
; EDA_DESIGN_INSTANCE_NAME             ; NA                                     ; --                ; --          ; DATABUS_SWAP_tb.vhd ;
; EDA_DESIGN_INSTANCE_NAME             ; NA                                     ; --                ; --          ; PARACOMM_tb.vhd     ;
; EDA_DESIGN_INSTANCE_NAME             ; NA                                     ; --                ; --          ; DSPWR_FPGARE_tb.vhd ;
; EDA_DESIGN_INSTANCE_NAME             ; NA                                     ; --                ; --          ; FPGAWR_DSPRE_tb.vhd ;
; EDA_NATIVELINK_SIMULATION_TEST_BENCH ; PARACOMM_tb.vhd                        ; --                ; --          ; eda_simulation      ;
; EDA_OUTPUT_DATA_FORMAT               ; Vhdl                                   ; --                ; --          ; eda_simulation      ;
; EDA_SIMULATION_TOOL                  ; ModelSim (VHDL)                        ; <None>            ; --          ; --                  ;
; EDA_TEST_BENCH_ENABLE_STATUS         ; TEST_BENCH_MODE                        ; --                ; --          ; eda_simulation      ;
; EDA_TEST_BENCH_FILE                  ; ../Sim/DATABUS_SWAP_tb.vhd             ; --                ; --          ; DATABUS_SWAP_tb.vhd ;
; EDA_TEST_BENCH_FILE                  ; ../Sim/DSPWR_FPGARE_tb.vhd             ; --                ; --          ; PARACOMM_tb.vhd     ;
; EDA_TEST_BENCH_FILE                  ; ../Sim/FPGAWR_DSPRE_tb.vhd             ; --                ; --          ; PARACOMM_tb.vhd     ;
; EDA_TEST_BENCH_FILE                  ; ../Sim/PARACOMM_tb.vhd                 ; --                ; --          ; PARACOMM_tb.vhd     ;
; EDA_TEST_BENCH_FILE                  ; ../Sim/PARACOMM_tb.vhd                 ; --                ; --          ; DSPWR_FPGARE_tb.vhd ;
; EDA_TEST_BENCH_FILE                  ; ../Sim/DSPWR_FPGARE_tb.vhd             ; --                ; --          ; DSPWR_FPGARE_tb.vhd ;
; EDA_TEST_BENCH_FILE                  ; ../Sim/FPGAWR_DSPRE_tb.vhd             ; --                ; --          ; FPGAWR_DSPRE_tb.vhd ;
; EDA_TEST_BENCH_MODULE_NAME           ; DATABUS_SWAP_tb                        ; --                ; --          ; DATABUS_SWAP_tb.vhd ;
; EDA_TEST_BENCH_MODULE_NAME           ; PARACOMM_tb                            ; --                ; --          ; PARACOMM_tb.vhd     ;
; EDA_TEST_BENCH_MODULE_NAME           ; DSPWR_FPGARE_tb                        ; --                ; --          ; DSPWR_FPGARE_tb.vhd ;
; EDA_TEST_BENCH_MODULE_NAME           ; FPGAWR_DSPRE_tb                        ; --                ; --          ; FPGAWR_DSPRE_tb.vhd ;
; EDA_TEST_BENCH_NAME                  ; DATABUS_SWAP_tb.vhd                    ; --                ; --          ; eda_simulation      ;
; EDA_TEST_BENCH_NAME                  ; PARACOMM_tb.vhd                        ; --                ; --          ; eda_simulation      ;
; EDA_TEST_BENCH_NAME                  ; DSPWR_FPGARE_tb.vhd                    ; --                ; --          ; eda_simulation      ;
; EDA_TEST_BENCH_NAME                  ; FPGAWR_DSPRE_tb.vhd                    ; --                ; --          ; eda_simulation      ;
; EDA_TIME_SCALE                       ; 1 ps                                   ; --                ; --          ; eda_simulation      ;
; IP_TOOL_NAME                         ; ALTPLL                                 ; --                ; --          ; --                  ;
; IP_TOOL_NAME                         ; RAM: 2-PORT                            ; --                ; --          ; --                  ;
; IP_TOOL_VERSION                      ; 13.1                                   ; --                ; --          ; --                  ;
; IP_TOOL_VERSION                      ; 13.1                                   ; --                ; --          ; --                  ;
; MAX_CORE_JUNCTION_TEMP               ; 100                                    ; --                ; --          ; --                  ;
; MIN_CORE_JUNCTION_TEMP               ; -40                                    ; --                ; --          ; --                  ;
; MISC_FILE                            ; ip_core/PLL/PLL_IP_inst.vhd            ; --                ; --          ; --                  ;
; MISC_FILE                            ; ip_core/PLL/PLL_IP.ppf                 ; --                ; --          ; --                  ;
; MISC_FILE                            ; ip_core/RAM_2_PORT/RAM_2_PORT_inst.vhd ; --                ; --          ; --                  ;
; NOMINAL_CORE_SUPPLY_VOLTAGE          ; 1.2V                                   ; --                ; --          ; --                  ;
; PARTITION_COLOR                      ; 16764057                               ; --                ; PARA_COMM   ; Top                 ;
; PARTITION_FITTER_PRESERVATION_LEVEL  ; PLACEMENT_AND_ROUTING                  ; --                ; PARA_COMM   ; Top                 ;
; PARTITION_NETLIST_TYPE               ; SOURCE                                 ; --                ; PARA_COMM   ; Top                 ;
; POWER_BOARD_THERMAL_MODEL            ; None (CONSERVATIVE)                    ; --                ; --          ; --                  ;
; POWER_PRESET_COOLING_SOLUTION        ; 23 MM HEAT SINK WITH 200 LFPM AIRFLOW  ; --                ; --          ; --                  ;
; PROJECT_OUTPUT_DIRECTORY             ; output_files                           ; --                ; --          ; --                  ;
; TOP_LEVEL_ENTITY                     ; PARA_COMM                              ; DSP_FPGA_PARACOMM ; --          ; --                  ;
+--------------------------------------+----------------------------------------+-------------------+-------------+---------------------+


+-------------------------------------------------------------------------------------------------------------------------------+
; Flow Elapsed Time                                                                                                             ;
+---------------------------+--------------+-------------------------+---------------------+------------------------------------+
; Module Name               ; Elapsed Time ; Average Processors Used ; Peak Virtual Memory ; Total CPU Time (on all processors) ;
+---------------------------+--------------+-------------------------+---------------------+------------------------------------+
; Analysis & Synthesis      ; 00:00:07     ; 1.0                     ; 4696 MB             ; 00:00:02                           ;
; Fitter                    ; 00:00:26     ; 1.5                     ; 5603 MB             ; 00:00:25                           ;
; Assembler                 ; 00:00:06     ; 1.0                     ; 4606 MB             ; 00:00:04                           ;
; TimeQuest Timing Analyzer ; 00:00:04     ; 1.0                     ; 4726 MB             ; 00:00:03                           ;
; EDA Netlist Writer        ; 00:00:02     ; 1.0                     ; 4567 MB             ; 00:00:01                           ;
; Total                     ; 00:00:45     ; --                      ; --                  ; 00:00:35                           ;
+---------------------------+--------------+-------------------------+---------------------+------------------------------------+


+----------------------------------------------------------------------------------------+
; Flow OS Summary                                                                        ;
+---------------------------+------------------+-----------+------------+----------------+
; Module Name               ; Machine Hostname ; OS Name   ; OS Version ; Processor type ;
+---------------------------+------------------+-----------+------------+----------------+
; Analysis & Synthesis      ; DESKTOP-1FSHHS9  ; Windows 7 ; 6.2        ; x86_64         ;
; Fitter                    ; DESKTOP-1FSHHS9  ; Windows 7 ; 6.2        ; x86_64         ;
; Assembler                 ; DESKTOP-1FSHHS9  ; Windows 7 ; 6.2        ; x86_64         ;
; TimeQuest Timing Analyzer ; DESKTOP-1FSHHS9  ; Windows 7 ; 6.2        ; x86_64         ;
; EDA Netlist Writer        ; DESKTOP-1FSHHS9  ; Windows 7 ; 6.2        ; x86_64         ;
+---------------------------+------------------+-----------+------------+----------------+


------------
; Flow Log ;
------------
quartus_map --read_settings_files=on --write_settings_files=off DSP_FPGA_PARACOMM -c DSP_FPGA_PARACOMM
quartus_fit --read_settings_files=off --write_settings_files=off DSP_FPGA_PARACOMM -c DSP_FPGA_PARACOMM
quartus_asm --read_settings_files=off --write_settings_files=off DSP_FPGA_PARACOMM -c DSP_FPGA_PARACOMM
quartus_sta DSP_FPGA_PARACOMM -c DSP_FPGA_PARACOMM
quartus_eda --read_settings_files=off --write_settings_files=off DSP_FPGA_PARACOMM -c DSP_FPGA_PARACOMM



