Analysis & Synthesis report for DSP_FPGA_PARACOMM
Wed Feb 15 21:49:48 2023
Quartus II 64-Bit Version 13.1.0 Build 162 10/23/2013 SJ Full Version


---------------------
; Table of Contents ;
---------------------
  1. Legal Notice
  2. Analysis & Synthesis Summary
  3. Analysis & Synthesis Settings
  4. Parallel Compilation
  5. Analysis & Synthesis Source Files Read
  6. Analysis & Synthesis Resource Usage Summary
  7. Analysis & Synthesis Resource Utilization by Entity
  8. Analysis & Synthesis RAM Summary
  9. Analysis & Synthesis IP Cores Summary
 10. User-Specified and Inferred Latches
 11. Registers Removed During Synthesis
 12. General Register Statistics
 13. Inverted Register Statistics
 14. Multiplexer Restructuring Statistics (Restructuring Performed)
 15. Source assignments for RAM_2_PORT:U4|altsyncram:altsyncram_component|altsyncram_auq3:auto_generated
 16. Parameter Settings for User Entity Instance: PLL_IP:U0|altpll:altpll_component
 17. Parameter Settings for User Entity Instance: RAM_2_PORT:U4|altsyncram:altsyncram_component
 18. altpll Parameter Settings by Entity Instance
 19. altsyncram Parameter Settings by Entity Instance
 20. Port Connectivity Checks: "AD7606_DRIVER:U5|REST:U1"
 21. Elapsed Time Per Partition
 22. Analysis & Synthesis Messages



----------------
; Legal Notice ;
----------------
Copyright (C) 1991-2013 Altera Corporation
Your use of Altera Corporation's design tools, logic functions 
and other software and tools, and its AMPP partner logic 
functions, and any output files from any of the foregoing 
(including device programming or simulation files), and any 
associated documentation or information are expressly subject 
to the terms and conditions of the Altera Program License 
Subscription Agreement, Altera MegaCore Function License 
Agreement, or other applicable license agreement, including, 
without limitation, that your use is for the sole purpose of 
programming logic devices manufactured by Altera and sold by 
Altera or its authorized distributors.  Please refer to the 
applicable agreement for further details.



+----------------------------------------------------------------------------------+
; Analysis & Synthesis Summary                                                     ;
+------------------------------------+---------------------------------------------+
; Analysis & Synthesis Status        ; Successful - Wed Feb 15 21:49:48 2023       ;
; Quartus II 64-Bit Version          ; 13.1.0 Build 162 10/23/2013 SJ Full Version ;
; Revision Name                      ; DSP_FPGA_PARACOMM                           ;
; Top-level Entity Name              ; PARA_COMM                                   ;
; Family                             ; Cyclone IV E                                ;
; Total logic elements               ; 169                                         ;
;     Total combinational functions  ; 153                                         ;
;     Dedicated logic registers      ; 65                                          ;
; Total registers                    ; 65                                          ;
; Total pins                         ; 71                                          ;
; Total virtual pins                 ; 0                                           ;
; Total memory bits                  ; 65,536                                      ;
; Embedded Multiplier 9-bit elements ; 0                                           ;
; Total PLLs                         ; 1                                           ;
+------------------------------------+---------------------------------------------+


+----------------------------------------------------------------------------------------------------------------------+
; Analysis & Synthesis Settings                                                                                        ;
+----------------------------------------------------------------------------+--------------------+--------------------+
; Option                                                                     ; Setting            ; Default Value      ;
+----------------------------------------------------------------------------+--------------------+--------------------+
; Device                                                                     ; EP4CE115F23I7      ;                    ;
; Top-level entity name                                                      ; PARA_COMM          ; DSP_FPGA_PARACOMM  ;
; Family name                                                                ; Cyclone IV E       ; Cyclone IV GX      ;
; Use smart compilation                                                      ; Off                ; Off                ;
; Enable parallel Assembler and TimeQuest Timing Analyzer during compilation ; On                 ; On                 ;
; Enable compact report table                                                ; Off                ; Off                ;
; Restructure Multiplexers                                                   ; Auto               ; Auto               ;
; Create Debugging Nodes for IP Cores                                        ; Off                ; Off                ;
; Preserve fewer node names                                                  ; On                 ; On                 ;
; Disable OpenCore Plus hardware evaluation                                  ; Off                ; Off                ;
; Verilog Version                                                            ; Verilog_2001       ; Verilog_2001       ;
; VHDL Version                                                               ; VHDL_1993          ; VHDL_1993          ;
; State Machine Processing                                                   ; Auto               ; Auto               ;
; Safe State Machine                                                         ; Off                ; Off                ;
; Extract Verilog State Machines                                             ; On                 ; On                 ;
; Extract VHDL State Machines                                                ; On                 ; On                 ;
; Ignore Verilog initial constructs                                          ; Off                ; Off                ;
; Iteration limit for constant Verilog loops                                 ; 5000               ; 5000               ;
; Iteration limit for non-constant Verilog loops                             ; 250                ; 250                ;
; Add Pass-Through Logic to Inferred RAMs                                    ; On                 ; On                 ;
; Infer RAMs from Raw Logic                                                  ; On                 ; On                 ;
; Parallel Synthesis                                                         ; On                 ; On                 ;
; DSP Block Balancing                                                        ; Auto               ; Auto               ;
; NOT Gate Push-Back                                                         ; On                 ; On                 ;
; Power-Up Don't Care                                                        ; On                 ; On                 ;
; Remove Redundant Logic Cells                                               ; Off                ; Off                ;
; Remove Duplicate Registers                                                 ; On                 ; On                 ;
; Ignore CARRY Buffers                                                       ; Off                ; Off                ;
; Ignore CASCADE Buffers                                                     ; Off                ; Off                ;
; Ignore GLOBAL Buffers                                                      ; Off                ; Off                ;
; Ignore ROW GLOBAL Buffers                                                  ; Off                ; Off                ;
; Ignore LCELL Buffers                                                       ; Off                ; Off                ;
; Ignore SOFT Buffers                                                        ; On                 ; On                 ;
; Limit AHDL Integers to 32 Bits                                             ; Off                ; Off                ;
; Optimization Technique                                                     ; Balanced           ; Balanced           ;
; Carry Chain Length                                                         ; 70                 ; 70                 ;
; Auto Carry Chains                                                          ; On                 ; On                 ;
; Auto Open-Drain Pins                                                       ; On                 ; On                 ;
; Perform WYSIWYG Primitive Resynthesis                                      ; Off                ; Off                ;
; Auto ROM Replacement                                                       ; On                 ; On                 ;
; Auto RAM Replacement                                                       ; On                 ; On                 ;
; Auto DSP Block Replacement                                                 ; On                 ; On                 ;
; Auto Shift Register Replacement                                            ; Auto               ; Auto               ;
; Allow Shift Register Merging across Hierarchies                            ; Auto               ; Auto               ;
; Auto Clock Enable Replacement                                              ; On                 ; On                 ;
; Strict RAM Replacement                                                     ; Off                ; Off                ;
; Allow Synchronous Control Signals                                          ; On                 ; On                 ;
; Force Use of Synchronous Clear Signals                                     ; Off                ; Off                ;
; Auto RAM Block Balancing                                                   ; On                 ; On                 ;
; Auto RAM to Logic Cell Conversion                                          ; Off                ; Off                ;
; Auto Resource Sharing                                                      ; Off                ; Off                ;
; Allow Any RAM Size For Recognition                                         ; Off                ; Off                ;
; Allow Any ROM Size For Recognition                                         ; Off                ; Off                ;
; Allow Any Shift Register Size For Recognition                              ; Off                ; Off                ;
; Use LogicLock Constraints during Resource Balancing                        ; On                 ; On                 ;
; Ignore translate_off and synthesis_off directives                          ; Off                ; Off                ;
; Timing-Driven Synthesis                                                    ; On                 ; On                 ;
; Report Parameter Settings                                                  ; On                 ; On                 ;
; Report Source Assignments                                                  ; On                 ; On                 ;
; Report Connectivity Checks                                                 ; On                 ; On                 ;
; Ignore Maximum Fan-Out Assignments                                         ; Off                ; Off                ;
; Synchronization Register Chain Length                                      ; 2                  ; 2                  ;
; PowerPlay Power Optimization                                               ; Normal compilation ; Normal compilation ;
; HDL message level                                                          ; Level2             ; Level2             ;
; Suppress Register Optimization Related Messages                            ; Off                ; Off                ;
; Number of Removed Registers Reported in Synthesis Report                   ; 5000               ; 5000               ;
; Number of Swept Nodes Reported in Synthesis Report                         ; 5000               ; 5000               ;
; Number of Inverted Registers Reported in Synthesis Report                  ; 100                ; 100                ;
; Clock MUX Protection                                                       ; On                 ; On                 ;
; Auto Gated Clock Conversion                                                ; Off                ; Off                ;
; Block Design Naming                                                        ; Auto               ; Auto               ;
; SDC constraint protection                                                  ; Off                ; Off                ;
; Synthesis Effort                                                           ; Auto               ; Auto               ;
; Shift Register Replacement - Allow Asynchronous Clear Signal               ; On                 ; On                 ;
; Pre-Mapping Resynthesis Optimization                                       ; Off                ; Off                ;
; Analysis & Synthesis Message Level                                         ; Medium             ; Medium             ;
; Disable Register Merging Across Hierarchies                                ; Auto               ; Auto               ;
; Resource Aware Inference For Block RAM                                     ; On                 ; On                 ;
; Synthesis Seed                                                             ; 1                  ; 1                  ;
+----------------------------------------------------------------------------+--------------------+--------------------+


+------------------------------------------+
; Parallel Compilation                     ;
+----------------------------+-------------+
; Processors                 ; Number      ;
+----------------------------+-------------+
; Number detected on machine ; 8           ;
; Maximum allowed            ; 4           ;
;                            ;             ;
; Average used               ; 1.00        ;
; Maximum used               ; 1           ;
;                            ;             ;
; Usage by Processor         ; % Time Used ;
;     Processor 1            ; 100.0%      ;
;     Processors 2-8         ;   0.0%      ;
+----------------------------+-------------+


+------------------------------------------------------------------------------------------------------------------------------------------------------------------------------------------------------------------------+
; Analysis & Synthesis Source Files Read                                                                                                                                                                                 ;
+-----------------------------------+-----------------+------------------------------+-------------------------------------------------------------------------------------------------------------------------+---------+
; File Name with User-Entered Path  ; Used in Netlist ; File Type                    ; File Name with Absolute Path                                                                                            ; Library ;
+-----------------------------------+-----------------+------------------------------+-------------------------------------------------------------------------------------------------------------------------+---------+
; ../Rtl/PARA_COMM.vhd              ; yes             ; User VHDL File               ; D:/Github/Rtl/PARA_COMM.vhd                                                                                             ;         ;
; ../Rtl/FPGAWR_DSPRE_CTRL.vhd      ; yes             ; User VHDL File               ; D:/Github/Rtl/FPGAWR_DSPRE_CTRL.vhd                                                                                     ;         ;
; ../Rtl/DSPWR_FPGARE_CTRL.vhd      ; yes             ; User VHDL File               ; D:/Github/Rtl/DSPWR_FPGARE_CTRL.vhd                                                                                     ;         ;
; ../Rtl/DATABUS_SWAP.vhd           ; yes             ; User VHDL File               ; D:/Github/Rtl/DATABUS_SWAP.vhd                                                                                          ;         ;
; ../Rtl/AD7606_DRIVER.vhd          ; yes             ; User VHDL File               ; D:/Github/Rtl/AD7606_DRIVER.vhd                                                                                         ;         ;
; ../Rtl/READ1.vhd                  ; yes             ; User VHDL File               ; D:/Github/Rtl/READ1.vhd                                                                                                 ;         ;
; ../Rtl/HIGN.vhd                   ; yes             ; User VHDL File               ; D:/Github/Rtl/HIGN.vhd                                                                                                  ;         ;
; ../Rtl/CONVENT.vhd                ; yes             ; User VHDL File               ; D:/Github/Rtl/CONVENT.vhd                                                                                               ;         ;
; ../Rtl/REST.vhd                   ; yes             ; User VHDL File               ; D:/Github/Rtl/REST.vhd                                                                                                  ;         ;
; ip_core/PLL/PLL_IP.vhd            ; yes             ; User Wizard-Generated File   ; D:/Github/Prj/ip_core/PLL/PLL_IP.vhd                                                                                    ;         ;
; ip_core/RAM_2_PORT/RAM_2_PORT.vhd ; yes             ; User Wizard-Generated File   ; D:/Github/Prj/ip_core/RAM_2_PORT/RAM_2_PORT.vhd                                                                         ;         ;
; altpll.tdf                        ; yes             ; Megafunction                 ; d:/software/fpga_development_environment/quartusii_13.0/quartus13/quartus/libraries/megafunctions/altpll.tdf            ;         ;
; aglobal131.inc                    ; yes             ; Megafunction                 ; d:/software/fpga_development_environment/quartusii_13.0/quartus13/quartus/libraries/megafunctions/aglobal131.inc        ;         ;
; stratix_pll.inc                   ; yes             ; Megafunction                 ; d:/software/fpga_development_environment/quartusii_13.0/quartus13/quartus/libraries/megafunctions/stratix_pll.inc       ;         ;
; stratixii_pll.inc                 ; yes             ; Megafunction                 ; d:/software/fpga_development_environment/quartusii_13.0/quartus13/quartus/libraries/megafunctions/stratixii_pll.inc     ;         ;
; cycloneii_pll.inc                 ; yes             ; Megafunction                 ; d:/software/fpga_development_environment/quartusii_13.0/quartus13/quartus/libraries/megafunctions/cycloneii_pll.inc     ;         ;
; db/pll_ip_altpll.v                ; yes             ; Auto-Generated Megafunction  ; D:/Github/Prj/db/pll_ip_altpll.v                                                                                        ;         ;
; altsyncram.tdf                    ; yes             ; Megafunction                 ; d:/software/fpga_development_environment/quartusii_13.0/quartus13/quartus/libraries/megafunctions/altsyncram.tdf        ;         ;
; stratix_ram_block.inc             ; yes             ; Megafunction                 ; d:/software/fpga_development_environment/quartusii_13.0/quartus13/quartus/libraries/megafunctions/stratix_ram_block.inc ;         ;
; lpm_mux.inc                       ; yes             ; Megafunction                 ; d:/software/fpga_development_environment/quartusii_13.0/quartus13/quartus/libraries/megafunctions/lpm_mux.inc           ;         ;
; lpm_decode.inc                    ; yes             ; Megafunction                 ; d:/software/fpga_development_environment/quartusii_13.0/quartus13/quartus/libraries/megafunctions/lpm_decode.inc        ;         ;
; a_rdenreg.inc                     ; yes             ; Megafunction                 ; d:/software/fpga_development_environment/quartusii_13.0/quartus13/quartus/libraries/megafunctions/a_rdenreg.inc         ;         ;
; altrom.inc                        ; yes             ; Megafunction                 ; d:/software/fpga_development_environment/quartusii_13.0/quartus13/quartus/libraries/megafunctions/altrom.inc            ;         ;
; altram.inc                        ; yes             ; Megafunction                 ; d:/software/fpga_development_environment/quartusii_13.0/quartus13/quartus/libraries/megafunctions/altram.inc            ;         ;
; altdpram.inc                      ; yes             ; Megafunction                 ; d:/software/fpga_development_environment/quartusii_13.0/quartus13/quartus/libraries/megafunctions/altdpram.inc          ;         ;
; db/altsyncram_auq3.tdf            ; yes             ; Auto-Generated Megafunction  ; D:/Github/Prj/db/altsyncram_auq3.tdf                                                                                    ;         ;
+-----------------------------------+-----------------+------------------------------+-------------------------------------------------------------------------------------------------------------------------+---------+


+-------------------------------------------------------------------------------------------------------------------------------+
; Analysis & Synthesis Resource Usage Summary                                                                                   ;
+---------------------------------------------+---------------------------------------------------------------------------------+
; Resource                                    ; Usage                                                                           ;
+---------------------------------------------+---------------------------------------------------------------------------------+
; Estimated Total logic elements              ; 169                                                                             ;
;                                             ;                                                                                 ;
; Total combinational functions               ; 153                                                                             ;
; Logic element usage by number of LUT inputs ;                                                                                 ;
;     -- 4 input functions                    ; 58                                                                              ;
;     -- 3 input functions                    ; 53                                                                              ;
;     -- <=2 input functions                  ; 42                                                                              ;
;                                             ;                                                                                 ;
; Logic elements by mode                      ;                                                                                 ;
;     -- normal mode                          ; 123                                                                             ;
;     -- arithmetic mode                      ; 30                                                                              ;
;                                             ;                                                                                 ;
; Total registers                             ; 65                                                                              ;
;     -- Dedicated logic registers            ; 65                                                                              ;
;     -- I/O registers                        ; 0                                                                               ;
;                                             ;                                                                                 ;
; I/O pins                                    ; 71                                                                              ;
; Total memory bits                           ; 65536                                                                           ;
; Embedded Multiplier 9-bit elements          ; 0                                                                               ;
; Total PLLs                                  ; 1                                                                               ;
;     -- PLLs                                 ; 1                                                                               ;
;                                             ;                                                                                 ;
; Maximum fan-out node                        ; PLL_IP:U0|altpll:altpll_component|PLL_IP_altpll:auto_generated|wire_pll1_clk[0] ;
; Maximum fan-out                             ; 62                                                                              ;
; Total fan-out                               ; 1263                                                                            ;
; Average fan-out                             ; 3.21                                                                            ;
+---------------------------------------------+---------------------------------------------------------------------------------+


+----------------------------------------------------------------------------------------------------------------------------------------------------------------------------------------------------------------------------------------------------------------+
; Analysis & Synthesis Resource Utilization by Entity                                                                                                                                                                                                            ;
+-------------------------------------------+-------------------+--------------+-------------+--------------+---------+-----------+------+--------------+-----------------------------------------------------------------------------------------+--------------+
; Compilation Hierarchy Node                ; LC Combinationals ; LC Registers ; Memory Bits ; DSP Elements ; DSP 9x9 ; DSP 18x18 ; Pins ; Virtual Pins ; Full Hierarchy Name                                                                     ; Library Name ;
+-------------------------------------------+-------------------+--------------+-------------+--------------+---------+-----------+------+--------------+-----------------------------------------------------------------------------------------+--------------+
; |PARA_COMM                                ; 153 (0)           ; 65 (0)       ; 65536       ; 0            ; 0       ; 0         ; 71   ; 0            ; |PARA_COMM                                                                              ; work         ;
;    |AD7606_DRIVER:U5|                     ; 41 (0)            ; 44 (0)       ; 0           ; 0            ; 0       ; 0         ; 0    ; 0            ; |PARA_COMM|AD7606_DRIVER:U5                                                             ; work         ;
;       |CONVENT:U2|                        ; 8 (8)             ; 5 (5)        ; 0           ; 0            ; 0       ; 0         ; 0    ; 0            ; |PARA_COMM|AD7606_DRIVER:U5|CONVENT:U2                                                  ; work         ;
;       |HIGN:U5|                           ; 0 (0)             ; 1 (1)        ; 0           ; 0            ; 0       ; 0         ; 0    ; 0            ; |PARA_COMM|AD7606_DRIVER:U5|HIGN:U5                                                     ; work         ;
;       |READ1:U3|                          ; 24 (24)           ; 32 (32)      ; 0           ; 0            ; 0       ; 0         ; 0    ; 0            ; |PARA_COMM|AD7606_DRIVER:U5|READ1:U3                                                    ; work         ;
;       |REST:U1|                           ; 9 (9)             ; 6 (6)        ; 0           ; 0            ; 0       ; 0         ; 0    ; 0            ; |PARA_COMM|AD7606_DRIVER:U5|REST:U1                                                     ; work         ;
;    |DATABUS_SWAP:U1|                      ; 17 (17)           ; 0 (0)        ; 0           ; 0            ; 0       ; 0         ; 0    ; 0            ; |PARA_COMM|DATABUS_SWAP:U1                                                              ; work         ;
;    |DSPWR_FPGARE_CTRL:U3|                 ; 30 (30)           ; 12 (12)      ; 0           ; 0            ; 0       ; 0         ; 0    ; 0            ; |PARA_COMM|DSPWR_FPGARE_CTRL:U3                                                         ; work         ;
;    |FPGAWR_DSPRE_CTRL:U2|                 ; 65 (65)           ; 9 (9)        ; 0           ; 0            ; 0       ; 0         ; 0    ; 0            ; |PARA_COMM|FPGAWR_DSPRE_CTRL:U2                                                         ; work         ;
;    |PLL_IP:U0|                            ; 0 (0)             ; 0 (0)        ; 0           ; 0            ; 0       ; 0         ; 0    ; 0            ; |PARA_COMM|PLL_IP:U0                                                                    ; work         ;
;       |altpll:altpll_component|           ; 0 (0)             ; 0 (0)        ; 0           ; 0            ; 0       ; 0         ; 0    ; 0            ; |PARA_COMM|PLL_IP:U0|altpll:altpll_component                                            ; work         ;
;          |PLL_IP_altpll:auto_generated|   ; 0 (0)             ; 0 (0)        ; 0           ; 0            ; 0       ; 0         ; 0    ; 0            ; |PARA_COMM|PLL_IP:U0|altpll:altpll_component|PLL_IP_altpll:auto_generated               ; work         ;
;    |RAM_2_PORT:U4|                        ; 0 (0)             ; 0 (0)        ; 65536       ; 0            ; 0       ; 0         ; 0    ; 0            ; |PARA_COMM|RAM_2_PORT:U4                                                                ; work         ;
;       |altsyncram:altsyncram_component|   ; 0 (0)             ; 0 (0)        ; 65536       ; 0            ; 0       ; 0         ; 0    ; 0            ; |PARA_COMM|RAM_2_PORT:U4|altsyncram:altsyncram_component                                ; work         ;
;          |altsyncram_auq3:auto_generated| ; 0 (0)             ; 0 (0)        ; 65536       ; 0            ; 0       ; 0         ; 0    ; 0            ; |PARA_COMM|RAM_2_PORT:U4|altsyncram:altsyncram_component|altsyncram_auq3:auto_generated ; work         ;
+-------------------------------------------+-------------------+--------------+-------------+--------------+---------+-----------+------+--------------+-----------------------------------------------------------------------------------------+--------------+
Note: For table entries with two numbers listed, the numbers in parentheses indicate the number of resources of the given type used by the specific entity alone. The numbers listed outside of parentheses indicate the total resources of the given type used by the specific entity and all of its sub-entities in the hierarchy.


+--------------------------------------------------------------------------------------------------------------------------------------------------------------------------------------------+
; Analysis & Synthesis RAM Summary                                                                                                                                                           ;
+-----------------------------------------------------------------------------------------+------+----------------+--------------+--------------+--------------+--------------+-------+------+
; Name                                                                                    ; Type ; Mode           ; Port A Depth ; Port A Width ; Port B Depth ; Port B Width ; Size  ; MIF  ;
+-----------------------------------------------------------------------------------------+------+----------------+--------------+--------------+--------------+--------------+-------+------+
; RAM_2_PORT:U4|altsyncram:altsyncram_component|altsyncram_auq3:auto_generated|ALTSYNCRAM ; AUTO ; True Dual Port ; 4096         ; 16           ; 4096         ; 16           ; 65536 ; None ;
+-----------------------------------------------------------------------------------------+------+----------------+--------------+--------------+--------------+--------------+-------+------+


+--------------------------------------------------------------------------------------------------------------------------------------------+
; Analysis & Synthesis IP Cores Summary                                                                                                      ;
+--------+--------------+---------+--------------+--------------+--------------------------+-------------------------------------------------+
; Vendor ; IP Core Name ; Version ; Release Date ; License Type ; Entity Instance          ; IP Include File                                 ;
+--------+--------------+---------+--------------+--------------+--------------------------+-------------------------------------------------+
; Altera ; ALTPLL       ; 13.1    ; N/A          ; N/A          ; |PARA_COMM|PLL_IP:U0     ; D:/Github/Prj/ip_core/PLL/PLL_IP.vhd            ;
; Altera ; RAM: 2-PORT  ; 13.1    ; N/A          ; N/A          ; |PARA_COMM|RAM_2_PORT:U4 ; D:/Github/Prj/ip_core/RAM_2_PORT/RAM_2_PORT.vhd ;
+--------+--------------+---------+--------------+--------------+--------------------------+-------------------------------------------------+


+------------------------------------------------------------------------------------------------------------+
; User-Specified and Inferred Latches                                                                        ;
+-----------------------------------------------------+-----------------------------+------------------------+
; Latch Name                                          ; Latch Enable Signal         ; Free of Timing Hazards ;
+-----------------------------------------------------+-----------------------------+------------------------+
; FPGAWR_DSPRE_CTRL:U2|ADDR_FPGAWR[0]                 ; FPGAWR_DSPRE_CTRL:U2|WREN_A ; yes                    ;
; FPGAWR_DSPRE_CTRL:U2|ADDR_FPGAWR[1]                 ; FPGAWR_DSPRE_CTRL:U2|WREN_A ; yes                    ;
; FPGAWR_DSPRE_CTRL:U2|ADDR_FPGAWR[2]                 ; FPGAWR_DSPRE_CTRL:U2|WREN_A ; yes                    ;
; FPGAWR_DSPRE_CTRL:U2|ADDR_FPGAWR[3]                 ; FPGAWR_DSPRE_CTRL:U2|WREN_A ; yes                    ;
; FPGAWR_DSPRE_CTRL:U2|ADDR_FPGAWR[4]                 ; FPGAWR_DSPRE_CTRL:U2|WREN_A ; yes                    ;
; FPGAWR_DSPRE_CTRL:U2|ADDR_FPGAWR[5]                 ; FPGAWR_DSPRE_CTRL:U2|WREN_A ; yes                    ;
; FPGAWR_DSPRE_CTRL:U2|ADDR_FPGAWR[6]                 ; FPGAWR_DSPRE_CTRL:U2|WREN_A ; yes                    ;
; FPGAWR_DSPRE_CTRL:U2|ADDR_FPGAWR[7]                 ; FPGAWR_DSPRE_CTRL:U2|WREN_A ; yes                    ;
; FPGAWR_DSPRE_CTRL:U2|ADDR_FPGAWR[8]                 ; FPGAWR_DSPRE_CTRL:U2|WREN_A ; yes                    ;
; FPGAWR_DSPRE_CTRL:U2|ADDR_FPGAWR[9]                 ; FPGAWR_DSPRE_CTRL:U2|WREN_A ; yes                    ;
; FPGAWR_DSPRE_CTRL:U2|ADDR_FPGAWR[10]                ; FPGAWR_DSPRE_CTRL:U2|WREN_A ; yes                    ;
; FPGAWR_DSPRE_CTRL:U2|ADDR_FPGAWR[11]                ; FPGAWR_DSPRE_CTRL:U2|WREN_A ; yes                    ;
; Number of user-specified and inferred latches = 12  ;                             ;                        ;
+-----------------------------------------------------+-----------------------------+------------------------+
Note: All latches listed above may not be present at the end of synthesis due to various synthesis optimizations.


+--------------------------------------------------------------------------------+
; Registers Removed During Synthesis                                             ;
+---------------------------------------+----------------------------------------+
; Register name                         ; Reason for Removal                     ;
+---------------------------------------+----------------------------------------+
; AD7606_DRIVER:U5|REST:U1|EN           ; Stuck at VCC due to stuck port data_in ;
; FPGAWR_DSPRE_CTRL:U2|CH_CNT[0..2]     ; Stuck at GND due to stuck port data_in ;
; Total Number of Removed Registers = 4 ;                                        ;
+---------------------------------------+----------------------------------------+


+------------------------------------------------------+
; General Register Statistics                          ;
+----------------------------------------------+-------+
; Statistic                                    ; Value ;
+----------------------------------------------+-------+
; Total registers                              ; 65    ;
; Number of registers using Synchronous Clear  ; 0     ;
; Number of registers using Synchronous Load   ; 0     ;
; Number of registers using Asynchronous Clear ; 0     ;
; Number of registers using Asynchronous Load  ; 0     ;
; Number of registers using Clock Enable       ; 25    ;
; Number of registers using Preset             ; 0     ;
+----------------------------------------------+-------+


+--------------------------------------------------+
; Inverted Register Statistics                     ;
+----------------------------------------+---------+
; Inverted Register                      ; Fan out ;
+----------------------------------------+---------+
; AD7606_DRIVER:U5|READ1:U3|RD1          ; 11      ;
; DSPWR_FPGARE_CTRL:U3|ADDR_FPGARE[11]   ; 3       ;
; Total number of inverted registers = 2 ;         ;
+----------------------------------------+---------+


+-------------------------------------------------------------------------------------------------------------------------------------------------------------+
; Multiplexer Restructuring Statistics (Restructuring Performed)                                                                                              ;
+--------------------+-----------+---------------+----------------------+------------------------+------------+-----------------------------------------------+
; Multiplexer Inputs ; Bus Width ; Baseline Area ; Area if Restructured ; Saving if Restructured ; Registered ; Example Multiplexer Output                    ;
+--------------------+-----------+---------------+----------------------+------------------------+------------+-----------------------------------------------+
; 3:1                ; 4 bits    ; 8 LEs         ; 4 LEs                ; 4 LEs                  ; Yes        ; |PARA_COMM|AD7606_DRIVER:U5|READ1:U3|CNTRD[1] ;
+--------------------+-----------+---------------+----------------------+------------------------+------------+-----------------------------------------------+


+-----------------------------------------------------------------------------------------------------+
; Source assignments for RAM_2_PORT:U4|altsyncram:altsyncram_component|altsyncram_auq3:auto_generated ;
+---------------------------------+--------------------+------+---------------------------------------+
; Assignment                      ; Value              ; From ; To                                    ;
+---------------------------------+--------------------+------+---------------------------------------+
; OPTIMIZE_POWER_DURING_SYNTHESIS ; NORMAL_COMPILATION ; -    ; -                                     ;
+---------------------------------+--------------------+------+---------------------------------------+


+--------------------------------------------------------------------------------+
; Parameter Settings for User Entity Instance: PLL_IP:U0|altpll:altpll_component ;
+-------------------------------+--------------------------+---------------------+
; Parameter Name                ; Value                    ; Type                ;
+-------------------------------+--------------------------+---------------------+
; OPERATION_MODE                ; NORMAL                   ; Untyped             ;
; PLL_TYPE                      ; AUTO                     ; Untyped             ;
; LPM_HINT                      ; CBX_MODULE_PREFIX=PLL_IP ; Untyped             ;
; QUALIFY_CONF_DONE             ; OFF                      ; Untyped             ;
; COMPENSATE_CLOCK              ; CLK0                     ; Untyped             ;
; SCAN_CHAIN                    ; LONG                     ; Untyped             ;
; PRIMARY_CLOCK                 ; INCLK0                   ; Untyped             ;
; INCLK0_INPUT_FREQUENCY        ; 33333                    ; Signed Integer      ;
; INCLK1_INPUT_FREQUENCY        ; 0                        ; Untyped             ;
; GATE_LOCK_SIGNAL              ; NO                       ; Untyped             ;
; GATE_LOCK_COUNTER             ; 0                        ; Untyped             ;
; LOCK_HIGH                     ; 1                        ; Untyped             ;
; LOCK_LOW                      ; 1                        ; Untyped             ;
; VALID_LOCK_MULTIPLIER         ; 1                        ; Untyped             ;
; INVALID_LOCK_MULTIPLIER       ; 5                        ; Untyped             ;
; SWITCH_OVER_ON_LOSSCLK        ; OFF                      ; Untyped             ;
; SWITCH_OVER_ON_GATED_LOCK     ; OFF                      ; Untyped             ;
; ENABLE_SWITCH_OVER_COUNTER    ; OFF                      ; Untyped             ;
; SKIP_VCO                      ; OFF                      ; Untyped             ;
; SWITCH_OVER_COUNTER           ; 0                        ; Untyped             ;
; SWITCH_OVER_TYPE              ; AUTO                     ; Untyped             ;
; FEEDBACK_SOURCE               ; EXTCLK0                  ; Untyped             ;
; BANDWIDTH                     ; 0                        ; Untyped             ;
; BANDWIDTH_TYPE                ; AUTO                     ; Untyped             ;
; SPREAD_FREQUENCY              ; 0                        ; Untyped             ;
; DOWN_SPREAD                   ; 0                        ; Untyped             ;
; SELF_RESET_ON_GATED_LOSS_LOCK ; OFF                      ; Untyped             ;
; SELF_RESET_ON_LOSS_LOCK       ; OFF                      ; Untyped             ;
; CLK9_MULTIPLY_BY              ; 0                        ; Untyped             ;
; CLK8_MULTIPLY_BY              ; 0                        ; Untyped             ;
; CLK7_MULTIPLY_BY              ; 0                        ; Untyped             ;
; CLK6_MULTIPLY_BY              ; 0                        ; Untyped             ;
; CLK5_MULTIPLY_BY              ; 1                        ; Untyped             ;
; CLK4_MULTIPLY_BY              ; 1                        ; Untyped             ;
; CLK3_MULTIPLY_BY              ; 1                        ; Untyped             ;
; CLK2_MULTIPLY_BY              ; 1                        ; Untyped             ;
; CLK1_MULTIPLY_BY              ; 5                        ; Signed Integer      ;
; CLK0_MULTIPLY_BY              ; 5                        ; Signed Integer      ;
; CLK9_DIVIDE_BY                ; 0                        ; Untyped             ;
; CLK8_DIVIDE_BY                ; 0                        ; Untyped             ;
; CLK7_DIVIDE_BY                ; 0                        ; Untyped             ;
; CLK6_DIVIDE_BY                ; 0                        ; Untyped             ;
; CLK5_DIVIDE_BY                ; 1                        ; Untyped             ;
; CLK4_DIVIDE_BY                ; 1                        ; Untyped             ;
; CLK3_DIVIDE_BY                ; 1                        ; Untyped             ;
; CLK2_DIVIDE_BY                ; 1                        ; Untyped             ;
; CLK1_DIVIDE_BY                ; 3                        ; Signed Integer      ;
; CLK0_DIVIDE_BY                ; 2                        ; Signed Integer      ;
; CLK9_PHASE_SHIFT              ; 0                        ; Untyped             ;
; CLK8_PHASE_SHIFT              ; 0                        ; Untyped             ;
; CLK7_PHASE_SHIFT              ; 0                        ; Untyped             ;
; CLK6_PHASE_SHIFT              ; 0                        ; Untyped             ;
; CLK5_PHASE_SHIFT              ; 0                        ; Untyped             ;
; CLK4_PHASE_SHIFT              ; 0                        ; Untyped             ;
; CLK3_PHASE_SHIFT              ; 0                        ; Untyped             ;
; CLK2_PHASE_SHIFT              ; 0                        ; Untyped             ;
; CLK1_PHASE_SHIFT              ; 0                        ; Untyped             ;
; CLK0_PHASE_SHIFT              ; 0                        ; Untyped             ;
; CLK5_TIME_DELAY               ; 0                        ; Untyped             ;
; CLK4_TIME_DELAY               ; 0                        ; Untyped             ;
; CLK3_TIME_DELAY               ; 0                        ; Untyped             ;
; CLK2_TIME_DELAY               ; 0                        ; Untyped             ;
; CLK1_TIME_DELAY               ; 0                        ; Untyped             ;
; CLK0_TIME_DELAY               ; 0                        ; Untyped             ;
; CLK9_DUTY_CYCLE               ; 50                       ; Untyped             ;
; CLK8_DUTY_CYCLE               ; 50                       ; Untyped             ;
; CLK7_DUTY_CYCLE               ; 50                       ; Untyped             ;
; CLK6_DUTY_CYCLE               ; 50                       ; Untyped             ;
; CLK5_DUTY_CYCLE               ; 50                       ; Untyped             ;
; CLK4_DUTY_CYCLE               ; 50                       ; Untyped             ;
; CLK3_DUTY_CYCLE               ; 50                       ; Untyped             ;
; CLK2_DUTY_CYCLE               ; 50                       ; Untyped             ;
; CLK1_DUTY_CYCLE               ; 50                       ; Signed Integer      ;
; CLK0_DUTY_CYCLE               ; 50                       ; Signed Integer      ;
; CLK9_USE_EVEN_COUNTER_MODE    ; OFF                      ; Untyped             ;
; CLK8_USE_EVEN_COUNTER_MODE    ; OFF                      ; Untyped             ;
; CLK7_USE_EVEN_COUNTER_MODE    ; OFF                      ; Untyped             ;
; CLK6_USE_EVEN_COUNTER_MODE    ; OFF                      ; Untyped             ;
; CLK5_USE_EVEN_COUNTER_MODE    ; OFF                      ; Untyped             ;
; CLK4_USE_EVEN_COUNTER_MODE    ; OFF                      ; Untyped             ;
; CLK3_USE_EVEN_COUNTER_MODE    ; OFF                      ; Untyped             ;
; CLK2_USE_EVEN_COUNTER_MODE    ; OFF                      ; Untyped             ;
; CLK1_USE_EVEN_COUNTER_MODE    ; OFF                      ; Untyped             ;
; CLK0_USE_EVEN_COUNTER_MODE    ; OFF                      ; Untyped             ;
; CLK9_USE_EVEN_COUNTER_VALUE   ; OFF                      ; Untyped             ;
; CLK8_USE_EVEN_COUNTER_VALUE   ; OFF                      ; Untyped             ;
; CLK7_USE_EVEN_COUNTER_VALUE   ; OFF                      ; Untyped             ;
; CLK6_USE_EVEN_COUNTER_VALUE   ; OFF                      ; Untyped             ;
; CLK5_USE_EVEN_COUNTER_VALUE   ; OFF                      ; Untyped             ;
; CLK4_USE_EVEN_COUNTER_VALUE   ; OFF                      ; Untyped             ;
; CLK3_USE_EVEN_COUNTER_VALUE   ; OFF                      ; Untyped             ;
; CLK2_USE_EVEN_COUNTER_VALUE   ; OFF                      ; Untyped             ;
; CLK1_USE_EVEN_COUNTER_VALUE   ; OFF                      ; Untyped             ;
; CLK0_USE_EVEN_COUNTER_VALUE   ; OFF                      ; Untyped             ;
; LOCK_WINDOW_UI                ;  0.05                    ; Untyped             ;
; LOCK_WINDOW_UI_BITS           ; UNUSED                   ; Untyped             ;
; VCO_RANGE_DETECTOR_LOW_BITS   ; UNUSED                   ; Untyped             ;
; VCO_RANGE_DETECTOR_HIGH_BITS  ; UNUSED                   ; Untyped             ;
; DPA_MULTIPLY_BY               ; 0                        ; Untyped             ;
; DPA_DIVIDE_BY                 ; 1                        ; Untyped             ;
; DPA_DIVIDER                   ; 0                        ; Untyped             ;
; EXTCLK3_MULTIPLY_BY           ; 1                        ; Untyped             ;
; EXTCLK2_MULTIPLY_BY           ; 1                        ; Untyped             ;
; EXTCLK1_MULTIPLY_BY           ; 1                        ; Untyped             ;
; EXTCLK0_MULTIPLY_BY           ; 1                        ; Untyped             ;
; EXTCLK3_DIVIDE_BY             ; 1                        ; Untyped             ;
; EXTCLK2_DIVIDE_BY             ; 1                        ; Untyped             ;
; EXTCLK1_DIVIDE_BY             ; 1                        ; Untyped             ;
; EXTCLK0_DIVIDE_BY             ; 1                        ; Untyped             ;
; EXTCLK3_PHASE_SHIFT           ; 0                        ; Untyped             ;
; EXTCLK2_PHASE_SHIFT           ; 0                        ; Untyped             ;
; EXTCLK1_PHASE_SHIFT           ; 0                        ; Untyped             ;
; EXTCLK0_PHASE_SHIFT           ; 0                        ; Untyped             ;
; EXTCLK3_TIME_DELAY            ; 0                        ; Untyped             ;
; EXTCLK2_TIME_DELAY            ; 0                        ; Untyped             ;
; EXTCLK1_TIME_DELAY            ; 0                        ; Untyped             ;
; EXTCLK0_TIME_DELAY            ; 0                        ; Untyped             ;
; EXTCLK3_DUTY_CYCLE            ; 50                       ; Untyped             ;
; EXTCLK2_DUTY_CYCLE            ; 50                       ; Untyped             ;
; EXTCLK1_DUTY_CYCLE            ; 50                       ; Untyped             ;
; EXTCLK0_DUTY_CYCLE            ; 50                       ; Untyped             ;
; VCO_MULTIPLY_BY               ; 0                        ; Untyped             ;
; VCO_DIVIDE_BY                 ; 0                        ; Untyped             ;
; SCLKOUT0_PHASE_SHIFT          ; 0                        ; Untyped             ;
; SCLKOUT1_PHASE_SHIFT          ; 0                        ; Untyped             ;
; VCO_MIN                       ; 0                        ; Untyped             ;
; VCO_MAX                       ; 0                        ; Untyped             ;
; VCO_CENTER                    ; 0                        ; Untyped             ;
; PFD_MIN                       ; 0                        ; Untyped             ;
; PFD_MAX                       ; 0                        ; Untyped             ;
; M_INITIAL                     ; 0                        ; Untyped             ;
; M                             ; 0                        ; Untyped             ;
; N                             ; 1                        ; Untyped             ;
; M2                            ; 1                        ; Untyped             ;
; N2                            ; 1                        ; Untyped             ;
; SS                            ; 1                        ; Untyped             ;
; C0_HIGH                       ; 0                        ; Untyped             ;
; C1_HIGH                       ; 0                        ; Untyped             ;
; C2_HIGH                       ; 0                        ; Untyped             ;
; C3_HIGH                       ; 0                        ; Untyped             ;
; C4_HIGH                       ; 0                        ; Untyped             ;
; C5_HIGH                       ; 0                        ; Untyped             ;
; C6_HIGH                       ; 0                        ; Untyped             ;
; C7_HIGH                       ; 0                        ; Untyped             ;
; C8_HIGH                       ; 0                        ; Untyped             ;
; C9_HIGH                       ; 0                        ; Untyped             ;
; C0_LOW                        ; 0                        ; Untyped             ;
; C1_LOW                        ; 0                        ; Untyped             ;
; C2_LOW                        ; 0                        ; Untyped             ;
; C3_LOW                        ; 0                        ; Untyped             ;
; C4_LOW                        ; 0                        ; Untyped             ;
; C5_LOW                        ; 0                        ; Untyped             ;
; C6_LOW                        ; 0                        ; Untyped             ;
; C7_LOW                        ; 0                        ; Untyped             ;
; C8_LOW                        ; 0                        ; Untyped             ;
; C9_LOW                        ; 0                        ; Untyped             ;
; C0_INITIAL                    ; 0                        ; Untyped             ;
; C1_INITIAL                    ; 0                        ; Untyped             ;
; C2_INITIAL                    ; 0                        ; Untyped             ;
; C3_INITIAL                    ; 0                        ; Untyped             ;
; C4_INITIAL                    ; 0                        ; Untyped             ;
; C5_INITIAL                    ; 0                        ; Untyped             ;
; C6_INITIAL                    ; 0                        ; Untyped             ;
; C7_INITIAL                    ; 0                        ; Untyped             ;
; C8_INITIAL                    ; 0                        ; Untyped             ;
; C9_INITIAL                    ; 0                        ; Untyped             ;
; C0_MODE                       ; BYPASS                   ; Untyped             ;
; C1_MODE                       ; BYPASS                   ; Untyped             ;
; C2_MODE                       ; BYPASS                   ; Untyped             ;
; C3_MODE                       ; BYPASS                   ; Untyped             ;
; C4_MODE                       ; BYPASS                   ; Untyped             ;
; C5_MODE                       ; BYPASS                   ; Untyped             ;
; C6_MODE                       ; BYPASS                   ; Untyped             ;
; C7_MODE                       ; BYPASS                   ; Untyped             ;
; C8_MODE                       ; BYPASS                   ; Untyped             ;
; C9_MODE                       ; BYPASS                   ; Untyped             ;
; C0_PH                         ; 0                        ; Untyped             ;
; C1_PH                         ; 0                        ; Untyped             ;
; C2_PH                         ; 0                        ; Untyped             ;
; C3_PH                         ; 0                        ; Untyped             ;
; C4_PH                         ; 0                        ; Untyped             ;
; C5_PH                         ; 0                        ; Untyped             ;
; C6_PH                         ; 0                        ; Untyped             ;
; C7_PH                         ; 0                        ; Untyped             ;
; C8_PH                         ; 0                        ; Untyped             ;
; C9_PH                         ; 0                        ; Untyped             ;
; L0_HIGH                       ; 1                        ; Untyped             ;
; L1_HIGH                       ; 1                        ; Untyped             ;
; G0_HIGH                       ; 1                        ; Untyped             ;
; G1_HIGH                       ; 1                        ; Untyped             ;
; G2_HIGH                       ; 1                        ; Untyped             ;
; G3_HIGH                       ; 1                        ; Untyped             ;
; E0_HIGH                       ; 1                        ; Untyped             ;
; E1_HIGH                       ; 1                        ; Untyped             ;
; E2_HIGH                       ; 1                        ; Untyped             ;
; E3_HIGH                       ; 1                        ; Untyped             ;
; L0_LOW                        ; 1                        ; Untyped             ;
; L1_LOW                        ; 1                        ; Untyped             ;
; G0_LOW                        ; 1                        ; Untyped             ;
; G1_LOW                        ; 1                        ; Untyped             ;
; G2_LOW                        ; 1                        ; Untyped             ;
; G3_LOW                        ; 1                        ; Untyped             ;
; E0_LOW                        ; 1                        ; Untyped             ;
; E1_LOW                        ; 1                        ; Untyped             ;
; E2_LOW                        ; 1                        ; Untyped             ;
; E3_LOW                        ; 1                        ; Untyped             ;
; L0_INITIAL                    ; 1                        ; Untyped             ;
; L1_INITIAL                    ; 1                        ; Untyped             ;
; G0_INITIAL                    ; 1                        ; Untyped             ;
; G1_INITIAL                    ; 1                        ; Untyped             ;
; G2_INITIAL                    ; 1                        ; Untyped             ;
; G3_INITIAL                    ; 1                        ; Untyped             ;
; E0_INITIAL                    ; 1                        ; Untyped             ;
; E1_INITIAL                    ; 1                        ; Untyped             ;
; E2_INITIAL                    ; 1                        ; Untyped             ;
; E3_INITIAL                    ; 1                        ; Untyped             ;
; L0_MODE                       ; BYPASS                   ; Untyped             ;
; L1_MODE                       ; BYPASS                   ; Untyped             ;
; G0_MODE                       ; BYPASS                   ; Untyped             ;
; G1_MODE                       ; BYPASS                   ; Untyped             ;
; G2_MODE                       ; BYPASS                   ; Untyped             ;
; G3_MODE                       ; BYPASS                   ; Untyped             ;
; E0_MODE                       ; BYPASS                   ; Untyped             ;
; E1_MODE                       ; BYPASS                   ; Untyped             ;
; E2_MODE                       ; BYPASS                   ; Untyped             ;
; E3_MODE                       ; BYPASS                   ; Untyped             ;
; L0_PH                         ; 0                        ; Untyped             ;
; L1_PH                         ; 0                        ; Untyped             ;
; G0_PH                         ; 0                        ; Untyped             ;
; G1_PH                         ; 0                        ; Untyped             ;
; G2_PH                         ; 0                        ; Untyped             ;
; G3_PH                         ; 0                        ; Untyped             ;
; E0_PH                         ; 0                        ; Untyped             ;
; E1_PH                         ; 0                        ; Untyped             ;
; E2_PH                         ; 0                        ; Untyped             ;
; E3_PH                         ; 0                        ; Untyped             ;
; M_PH                          ; 0                        ; Untyped             ;
; C1_USE_CASC_IN                ; OFF                      ; Untyped             ;
; C2_USE_CASC_IN                ; OFF                      ; Untyped             ;
; C3_USE_CASC_IN                ; OFF                      ; Untyped             ;
; C4_USE_CASC_IN                ; OFF                      ; Untyped             ;
; C5_USE_CASC_IN                ; OFF                      ; Untyped             ;
; C6_USE_CASC_IN                ; OFF                      ; Untyped             ;
; C7_USE_CASC_IN                ; OFF                      ; Untyped             ;
; C8_USE_CASC_IN                ; OFF                      ; Untyped             ;
; C9_USE_CASC_IN                ; OFF                      ; Untyped             ;
; CLK0_COUNTER                  ; G0                       ; Untyped             ;
; CLK1_COUNTER                  ; G0                       ; Untyped             ;
; CLK2_COUNTER                  ; G0                       ; Untyped             ;
; CLK3_COUNTER                  ; G0                       ; Untyped             ;
; CLK4_COUNTER                  ; G0                       ; Untyped             ;
; CLK5_COUNTER                  ; G0                       ; Untyped             ;
; CLK6_COUNTER                  ; E0                       ; Untyped             ;
; CLK7_COUNTER                  ; E1                       ; Untyped             ;
; CLK8_COUNTER                  ; E2                       ; Untyped             ;
; CLK9_COUNTER                  ; E3                       ; Untyped             ;
; L0_TIME_DELAY                 ; 0                        ; Untyped             ;
; L1_TIME_DELAY                 ; 0                        ; Untyped             ;
; G0_TIME_DELAY                 ; 0                        ; Untyped             ;
; G1_TIME_DELAY                 ; 0                        ; Untyped             ;
; G2_TIME_DELAY                 ; 0                        ; Untyped             ;
; G3_TIME_DELAY                 ; 0                        ; Untyped             ;
; E0_TIME_DELAY                 ; 0                        ; Untyped             ;
; E1_TIME_DELAY                 ; 0                        ; Untyped             ;
; E2_TIME_DELAY                 ; 0                        ; Untyped             ;
; E3_TIME_DELAY                 ; 0                        ; Untyped             ;
; M_TIME_DELAY                  ; 0                        ; Untyped             ;
; N_TIME_DELAY                  ; 0                        ; Untyped             ;
; EXTCLK3_COUNTER               ; E3                       ; Untyped             ;
; EXTCLK2_COUNTER               ; E2                       ; Untyped             ;
; EXTCLK1_COUNTER               ; E1                       ; Untyped             ;
; EXTCLK0_COUNTER               ; E0                       ; Untyped             ;
; ENABLE0_COUNTER               ; L0                       ; Untyped             ;
; ENABLE1_COUNTER               ; L0                       ; Untyped             ;
; CHARGE_PUMP_CURRENT           ; 2                        ; Untyped             ;
; LOOP_FILTER_R                 ;  1.000000                ; Untyped             ;
; LOOP_FILTER_C                 ; 5                        ; Untyped             ;
; CHARGE_PUMP_CURRENT_BITS      ; 9999                     ; Untyped             ;
; LOOP_FILTER_R_BITS            ; 9999                     ; Untyped             ;
; LOOP_FILTER_C_BITS            ; 9999                     ; Untyped             ;
; VCO_POST_SCALE                ; 0                        ; Untyped             ;
; CLK2_OUTPUT_FREQUENCY         ; 0                        ; Untyped             ;
; CLK1_OUTPUT_FREQUENCY         ; 0                        ; Untyped             ;
; CLK0_OUTPUT_FREQUENCY         ; 0                        ; Untyped             ;
; INTENDED_DEVICE_FAMILY        ; Cyclone IV E             ; Untyped             ;
; PORT_CLKENA0                  ; PORT_UNUSED              ; Untyped             ;
; PORT_CLKENA1                  ; PORT_UNUSED              ; Untyped             ;
; PORT_CLKENA2                  ; PORT_UNUSED              ; Untyped             ;
; PORT_CLKENA3                  ; PORT_UNUSED              ; Untyped             ;
; PORT_CLKENA4                  ; PORT_UNUSED              ; Untyped             ;
; PORT_CLKENA5                  ; PORT_UNUSED              ; Untyped             ;
; PORT_EXTCLKENA0               ; PORT_CONNECTIVITY        ; Untyped             ;
; PORT_EXTCLKENA1               ; PORT_CONNECTIVITY        ; Untyped             ;
; PORT_EXTCLKENA2               ; PORT_CONNECTIVITY        ; Untyped             ;
; PORT_EXTCLKENA3               ; PORT_CONNECTIVITY        ; Untyped             ;
; PORT_EXTCLK0                  ; PORT_UNUSED              ; Untyped             ;
; PORT_EXTCLK1                  ; PORT_UNUSED              ; Untyped             ;
; PORT_EXTCLK2                  ; PORT_UNUSED              ; Untyped             ;
; PORT_EXTCLK3                  ; PORT_UNUSED              ; Untyped             ;
; PORT_CLKBAD0                  ; PORT_UNUSED              ; Untyped             ;
; PORT_CLKBAD1                  ; PORT_UNUSED              ; Untyped             ;
; PORT_CLK0                     ; PORT_USED                ; Untyped             ;
; PORT_CLK1                     ; PORT_USED                ; Untyped             ;
; PORT_CLK2                     ; PORT_UNUSED              ; Untyped             ;
; PORT_CLK3                     ; PORT_UNUSED              ; Untyped             ;
; PORT_CLK4                     ; PORT_UNUSED              ; Untyped             ;
; PORT_CLK5                     ; PORT_UNUSED              ; Untyped             ;
; PORT_CLK6                     ; PORT_UNUSED              ; Untyped             ;
; PORT_CLK7                     ; PORT_UNUSED              ; Untyped             ;
; PORT_CLK8                     ; PORT_UNUSED              ; Untyped             ;
; PORT_CLK9                     ; PORT_UNUSED              ; Untyped             ;
; PORT_SCANDATA                 ; PORT_UNUSED              ; Untyped             ;
; PORT_SCANDATAOUT              ; PORT_UNUSED              ; Untyped             ;
; PORT_SCANDONE                 ; PORT_UNUSED              ; Untyped             ;
; PORT_SCLKOUT1                 ; PORT_CONNECTIVITY        ; Untyped             ;
; PORT_SCLKOUT0                 ; PORT_CONNECTIVITY        ; Untyped             ;
; PORT_ACTIVECLOCK              ; PORT_UNUSED              ; Untyped             ;
; PORT_CLKLOSS                  ; PORT_UNUSED              ; Untyped             ;
; PORT_INCLK1                   ; PORT_UNUSED              ; Untyped             ;
; PORT_INCLK0                   ; PORT_USED                ; Untyped             ;
; PORT_FBIN                     ; PORT_UNUSED              ; Untyped             ;
; PORT_PLLENA                   ; PORT_UNUSED              ; Untyped             ;
; PORT_CLKSWITCH                ; PORT_UNUSED              ; Untyped             ;
; PORT_ARESET                   ; PORT_UNUSED              ; Untyped             ;
; PORT_PFDENA                   ; PORT_UNUSED              ; Untyped             ;
; PORT_SCANCLK                  ; PORT_UNUSED              ; Untyped             ;
; PORT_SCANACLR                 ; PORT_UNUSED              ; Untyped             ;
; PORT_SCANREAD                 ; PORT_UNUSED              ; Untyped             ;
; PORT_SCANWRITE                ; PORT_UNUSED              ; Untyped             ;
; PORT_ENABLE0                  ; PORT_CONNECTIVITY        ; Untyped             ;
; PORT_ENABLE1                  ; PORT_CONNECTIVITY        ; Untyped             ;
; PORT_LOCKED                   ; PORT_UNUSED              ; Untyped             ;
; PORT_CONFIGUPDATE             ; PORT_UNUSED              ; Untyped             ;
; PORT_FBOUT                    ; PORT_CONNECTIVITY        ; Untyped             ;
; PORT_PHASEDONE                ; PORT_UNUSED              ; Untyped             ;
; PORT_PHASESTEP                ; PORT_UNUSED              ; Untyped             ;
; PORT_PHASEUPDOWN              ; PORT_UNUSED              ; Untyped             ;
; PORT_SCANCLKENA               ; PORT_UNUSED              ; Untyped             ;
; PORT_PHASECOUNTERSELECT       ; PORT_UNUSED              ; Untyped             ;
; PORT_VCOOVERRANGE             ; PORT_CONNECTIVITY        ; Untyped             ;
; PORT_VCOUNDERRANGE            ; PORT_CONNECTIVITY        ; Untyped             ;
; M_TEST_SOURCE                 ; 5                        ; Untyped             ;
; C0_TEST_SOURCE                ; 5                        ; Untyped             ;
; C1_TEST_SOURCE                ; 5                        ; Untyped             ;
; C2_TEST_SOURCE                ; 5                        ; Untyped             ;
; C3_TEST_SOURCE                ; 5                        ; Untyped             ;
; C4_TEST_SOURCE                ; 5                        ; Untyped             ;
; C5_TEST_SOURCE                ; 5                        ; Untyped             ;
; C6_TEST_SOURCE                ; 5                        ; Untyped             ;
; C7_TEST_SOURCE                ; 5                        ; Untyped             ;
; C8_TEST_SOURCE                ; 5                        ; Untyped             ;
; C9_TEST_SOURCE                ; 5                        ; Untyped             ;
; CBXI_PARAMETER                ; PLL_IP_altpll            ; Untyped             ;
; VCO_FREQUENCY_CONTROL         ; AUTO                     ; Untyped             ;
; VCO_PHASE_SHIFT_STEP          ; 0                        ; Untyped             ;
; WIDTH_CLOCK                   ; 5                        ; Signed Integer      ;
; WIDTH_PHASECOUNTERSELECT      ; 4                        ; Untyped             ;
; USING_FBMIMICBIDIR_PORT       ; OFF                      ; Untyped             ;
; DEVICE_FAMILY                 ; Cyclone IV E             ; Untyped             ;
; SCAN_CHAIN_MIF_FILE           ; UNUSED                   ; Untyped             ;
; SIM_GATE_LOCK_DEVICE_BEHAVIOR ; OFF                      ; Untyped             ;
; AUTO_CARRY_CHAINS             ; ON                       ; AUTO_CARRY          ;
; IGNORE_CARRY_BUFFERS          ; OFF                      ; IGNORE_CARRY        ;
; AUTO_CASCADE_CHAINS           ; ON                       ; AUTO_CASCADE        ;
; IGNORE_CASCADE_BUFFERS        ; OFF                      ; IGNORE_CASCADE      ;
+-------------------------------+--------------------------+---------------------+
Note: In order to hide this table in the UI and the text report file, please set the "Show Parameter Settings in Synthesis Report" option in "Analysis and Synthesis Settings -> More Settings" to "Off".


+--------------------------------------------------------------------------------------------+
; Parameter Settings for User Entity Instance: RAM_2_PORT:U4|altsyncram:altsyncram_component ;
+------------------------------------+----------------------+--------------------------------+
; Parameter Name                     ; Value                ; Type                           ;
+------------------------------------+----------------------+--------------------------------+
; BYTE_SIZE_BLOCK                    ; 8                    ; Untyped                        ;
; AUTO_CARRY_CHAINS                  ; ON                   ; AUTO_CARRY                     ;
; IGNORE_CARRY_BUFFERS               ; OFF                  ; IGNORE_CARRY                   ;
; AUTO_CASCADE_CHAINS                ; ON                   ; AUTO_CASCADE                   ;
; IGNORE_CASCADE_BUFFERS             ; OFF                  ; IGNORE_CASCADE                 ;
; WIDTH_BYTEENA                      ; 1                    ; Untyped                        ;
; OPERATION_MODE                     ; BIDIR_DUAL_PORT      ; Untyped                        ;
; WIDTH_A                            ; 16                   ; Signed Integer                 ;
; WIDTHAD_A                          ; 12                   ; Signed Integer                 ;
; NUMWORDS_A                         ; 4096                 ; Signed Integer                 ;
; OUTDATA_REG_A                      ; CLOCK0               ; Untyped                        ;
; ADDRESS_ACLR_A                     ; NONE                 ; Untyped                        ;
; OUTDATA_ACLR_A                     ; NONE                 ; Untyped                        ;
; WRCONTROL_ACLR_A                   ; NONE                 ; Untyped                        ;
; INDATA_ACLR_A                      ; NONE                 ; Untyped                        ;
; BYTEENA_ACLR_A                     ; NONE                 ; Untyped                        ;
; WIDTH_B                            ; 16                   ; Signed Integer                 ;
; WIDTHAD_B                          ; 12                   ; Signed Integer                 ;
; NUMWORDS_B                         ; 4096                 ; Signed Integer                 ;
; INDATA_REG_B                       ; CLOCK0               ; Untyped                        ;
; WRCONTROL_WRADDRESS_REG_B          ; CLOCK0               ; Untyped                        ;
; RDCONTROL_REG_B                    ; CLOCK1               ; Untyped                        ;
; ADDRESS_REG_B                      ; CLOCK0               ; Untyped                        ;
; OUTDATA_REG_B                      ; CLOCK0               ; Untyped                        ;
; BYTEENA_REG_B                      ; CLOCK1               ; Untyped                        ;
; INDATA_ACLR_B                      ; NONE                 ; Untyped                        ;
; WRCONTROL_ACLR_B                   ; NONE                 ; Untyped                        ;
; ADDRESS_ACLR_B                     ; NONE                 ; Untyped                        ;
; OUTDATA_ACLR_B                     ; NONE                 ; Untyped                        ;
; RDCONTROL_ACLR_B                   ; NONE                 ; Untyped                        ;
; BYTEENA_ACLR_B                     ; NONE                 ; Untyped                        ;
; WIDTH_BYTEENA_A                    ; 1                    ; Signed Integer                 ;
; WIDTH_BYTEENA_B                    ; 1                    ; Signed Integer                 ;
; RAM_BLOCK_TYPE                     ; AUTO                 ; Untyped                        ;
; BYTE_SIZE                          ; 8                    ; Signed Integer                 ;
; READ_DURING_WRITE_MODE_MIXED_PORTS ; DONT_CARE            ; Untyped                        ;
; READ_DURING_WRITE_MODE_PORT_A      ; NEW_DATA_NO_NBE_READ ; Untyped                        ;
; READ_DURING_WRITE_MODE_PORT_B      ; NEW_DATA_NO_NBE_READ ; Untyped                        ;
; INIT_FILE                          ; UNUSED               ; Untyped                        ;
; INIT_FILE_LAYOUT                   ; PORT_A               ; Untyped                        ;
; MAXIMUM_DEPTH                      ; 0                    ; Signed Integer                 ;
; CLOCK_ENABLE_INPUT_A               ; BYPASS               ; Untyped                        ;
; CLOCK_ENABLE_INPUT_B               ; BYPASS               ; Untyped                        ;
; CLOCK_ENABLE_OUTPUT_A              ; BYPASS               ; Untyped                        ;
; CLOCK_ENABLE_OUTPUT_B              ; BYPASS               ; Untyped                        ;
; CLOCK_ENABLE_CORE_A                ; USE_INPUT_CLKEN      ; Untyped                        ;
; CLOCK_ENABLE_CORE_B                ; USE_INPUT_CLKEN      ; Untyped                        ;
; ENABLE_ECC                         ; FALSE                ; Untyped                        ;
; ECC_PIPELINE_STAGE_ENABLED         ; FALSE                ; Untyped                        ;
; WIDTH_ECCSTATUS                    ; 3                    ; Signed Integer                 ;
; DEVICE_FAMILY                      ; Cyclone IV E         ; Untyped                        ;
; CBXI_PARAMETER                     ; altsyncram_auq3      ; Untyped                        ;
+------------------------------------+----------------------+--------------------------------+
Note: In order to hide this table in the UI and the text report file, please set the "Show Parameter Settings in Synthesis Report" option in "Analysis and Synthesis Settings -> More Settings" to "Off".


+-------------------------------------------------------------------+
; altpll Parameter Settings by Entity Instance                      ;
+-------------------------------+-----------------------------------+
; Name                          ; Value                             ;
+-------------------------------+-----------------------------------+
; Number of entity instances    ; 1                                 ;
; Entity Instance               ; PLL_IP:U0|altpll:altpll_component ;
;     -- OPERATION_MODE         ; NORMAL                            ;
;     -- PLL_TYPE               ; AUTO                              ;
;     -- PRIMARY_CLOCK          ; INCLK0                            ;
;     -- INCLK0_INPUT_FREQUENCY ; 33333                             ;
;     -- INCLK1_INPUT_FREQUENCY ; 0                                 ;
;     -- VCO_MULTIPLY_BY        ; 0                                 ;
;     -- VCO_DIVIDE_BY          ; 0                                 ;
+-------------------------------+-----------------------------------+


+-------------------------------------------------------------------------------------------+
; altsyncram Parameter Settings by Entity Instance                                          ;
+-------------------------------------------+-----------------------------------------------+
; Name                                      ; Value                                         ;
+-------------------------------------------+-----------------------------------------------+
; Number of entity instances                ; 1                                             ;
; Entity Instance                           ; RAM_2_PORT:U4|altsyncram:altsyncram_component ;
;     -- OPERATION_MODE                     ; BIDIR_DUAL_PORT                               ;
;     -- WIDTH_A                            ; 16                                            ;
;     -- NUMWORDS_A                         ; 4096                                          ;
;     -- OUTDATA_REG_A                      ; CLOCK0                                        ;
;     -- WIDTH_B                            ; 16                                            ;
;     -- NUMWORDS_B                         ; 4096                                          ;
;     -- ADDRESS_REG_B                      ; CLOCK0                                        ;
;     -- OUTDATA_REG_B                      ; CLOCK0                                        ;
;     -- RAM_BLOCK_TYPE                     ; AUTO                                          ;
;     -- READ_DURING_WRITE_MODE_MIXED_PORTS ; DONT_CARE                                     ;
+-------------------------------------------+-----------------------------------------------+


+------------------------------------------------------+
; Port Connectivity Checks: "AD7606_DRIVER:U5|REST:U1" ;
+-----------+-------+----------+-----------------------+
; Port      ; Type  ; Severity ; Details               ;
+-----------+-------+----------+-----------------------+
; sys_ret_n ; Input ; Info     ; Stuck at VCC          ;
+-----------+-------+----------+-----------------------+


+-------------------------------+
; Elapsed Time Per Partition    ;
+----------------+--------------+
; Partition Name ; Elapsed Time ;
+----------------+--------------+
; Top            ; 00:00:02     ;
+----------------+--------------+


+-------------------------------+
; Analysis & Synthesis Messages ;
+-------------------------------+
Info: *******************************************************************
Info: Running Quartus II 64-Bit Analysis & Synthesis
    Info: Version 13.1.0 Build 162 10/23/2013 SJ Full Version
    Info: Processing started: Wed Feb 15 21:49:40 2023
Info: Command: quartus_map --read_settings_files=on --write_settings_files=off DSP_FPGA_PARACOMM -c DSP_FPGA_PARACOMM
Info (11104): Parallel Compilation has detected 8 hyper-threaded processors. However, the extra hyper-threaded processors will not be used by default. Parallel Compilation will use 4 of the 4 physical processors detected instead.
Info (12021): Found 2 design units, including 1 entities, in source file /github/rtl/para_comm.vhd
    Info (12022): Found design unit 1: PARA_COMM-A
    Info (12023): Found entity 1: PARA_COMM
Info (12021): Found 2 design units, including 1 entities, in source file /github/rtl/fpgawr_dspre_ctrl.vhd
    Info (12022): Found design unit 1: FPGAWR_DSPRE_CTRL-A
    Info (12023): Found entity 1: FPGAWR_DSPRE_CTRL
Info (12021): Found 2 design units, including 1 entities, in source file /github/rtl/dspwr_fpgare_ctrl.vhd
    Info (12022): Found design unit 1: DSPWR_FPGARE_CTRL-A
    Info (12023): Found entity 1: DSPWR_FPGARE_CTRL
Info (12021): Found 2 design units, including 1 entities, in source file /github/rtl/databus_swap.vhd
    Info (12022): Found design unit 1: DATABUS_SWAP-A
    Info (12023): Found entity 1: DATABUS_SWAP
Info (12021): Found 2 design units, including 1 entities, in source file /github/rtl/ad7606_driver.vhd
    Info (12022): Found design unit 1: AD7606_DRIVER-ART
    Info (12023): Found entity 1: AD7606_DRIVER
Info (12021): Found 2 design units, including 1 entities, in source file /github/rtl/read1.vhd
    Info (12022): Found design unit 1: READ1-ART
    Info (12023): Found entity 1: READ1
Info (12021): Found 2 design units, including 1 entities, in source file /github/rtl/hign.vhd
    Info (12022): Found design unit 1: HIGN-ART
    Info (12023): Found entity 1: HIGN
Info (12021): Found 2 design units, including 1 entities, in source file /github/rtl/convent.vhd
    Info (12022): Found design unit 1: CONVENT-ART
    Info (12023): Found entity 1: CONVENT
Info (12021): Found 2 design units, including 1 entities, in source file /github/rtl/rest.vhd
    Info (12022): Found design unit 1: REST-ART
    Info (12023): Found entity 1: REST
Info (12021): Found 2 design units, including 1 entities, in source file ip_core/pll/pll_ip.vhd
    Info (12022): Found design unit 1: pll_ip-SYN
    Info (12023): Found entity 1: PLL_IP
Info (12021): Found 2 design units, including 1 entities, in source file ip_core/ram_2_port/ram_2_port.vhd
    Info (12022): Found design unit 1: ram_2_port-SYN
    Info (12023): Found entity 1: RAM_2_PORT
Info (12127): Elaborating entity "PARA_COMM" for the top level hierarchy
Info (12128): Elaborating entity "PLL_IP" for hierarchy "PLL_IP:U0"
Info (12128): Elaborating entity "altpll" for hierarchy "PLL_IP:U0|altpll:altpll_component"
Info (12130): Elaborated megafunction instantiation "PLL_IP:U0|altpll:altpll_component"
Info (12133): Instantiated megafunction "PLL_IP:U0|altpll:altpll_component" with the following parameter:
    Info (12134): Parameter "bandwidth_type" = "AUTO"
    Info (12134): Parameter "clk0_divide_by" = "2"
    Info (12134): Parameter "clk0_duty_cycle" = "50"
    Info (12134): Parameter "clk0_multiply_by" = "5"
    Info (12134): Parameter "clk0_phase_shift" = "0"
    Info (12134): Parameter "clk1_divide_by" = "3"
    Info (12134): Parameter "clk1_duty_cycle" = "50"
    Info (12134): Parameter "clk1_multiply_by" = "5"
    Info (12134): Parameter "clk1_phase_shift" = "0"
    Info (12134): Parameter "compensate_clock" = "CLK0"
    Info (12134): Parameter "inclk0_input_frequency" = "33333"
    Info (12134): Parameter "intended_device_family" = "Cyclone IV E"
    Info (12134): Parameter "lpm_hint" = "CBX_MODULE_PREFIX=PLL_IP"
    Info (12134): Parameter "lpm_type" = "altpll"
    Info (12134): Parameter "operation_mode" = "NORMAL"
    Info (12134): Parameter "pll_type" = "AUTO"
    Info (12134): Parameter "port_activeclock" = "PORT_UNUSED"
    Info (12134): Parameter "port_areset" = "PORT_UNUSED"
    Info (12134): Parameter "port_clkbad0" = "PORT_UNUSED"
    Info (12134): Parameter "port_clkbad1" = "PORT_UNUSED"
    Info (12134): Parameter "port_clkloss" = "PORT_UNUSED"
    Info (12134): Parameter "port_clkswitch" = "PORT_UNUSED"
    Info (12134): Parameter "port_configupdate" = "PORT_UNUSED"
    Info (12134): Parameter "port_fbin" = "PORT_UNUSED"
    Info (12134): Parameter "port_inclk0" = "PORT_USED"
    Info (12134): Parameter "port_inclk1" = "PORT_UNUSED"
    Info (12134): Parameter "port_locked" = "PORT_UNUSED"
    Info (12134): Parameter "port_pfdena" = "PORT_UNUSED"
    Info (12134): Parameter "port_phasecounterselect" = "PORT_UNUSED"
    Info (12134): Parameter "port_phasedone" = "PORT_UNUSED"
    Info (12134): Parameter "port_phasestep" = "PORT_UNUSED"
    Info (12134): Parameter "port_phaseupdown" = "PORT_UNUSED"
    Info (12134): Parameter "port_pllena" = "PORT_UNUSED"
    Info (12134): Parameter "port_scanaclr" = "PORT_UNUSED"
    Info (12134): Parameter "port_scanclk" = "PORT_UNUSED"
    Info (12134): Parameter "port_scanclkena" = "PORT_UNUSED"
    Info (12134): Parameter "port_scandata" = "PORT_UNUSED"
    Info (12134): Parameter "port_scandataout" = "PORT_UNUSED"
    Info (12134): Parameter "port_scandone" = "PORT_UNUSED"
    Info (12134): Parameter "port_scanread" = "PORT_UNUSED"
    Info (12134): Parameter "port_scanwrite" = "PORT_UNUSED"
    Info (12134): Parameter "port_clk0" = "PORT_USED"
    Info (12134): Parameter "port_clk1" = "PORT_USED"
    Info (12134): Parameter "port_clk2" = "PORT_UNUSED"
    Info (12134): Parameter "port_clk3" = "PORT_UNUSED"
    Info (12134): Parameter "port_clk4" = "PORT_UNUSED"
    Info (12134): Parameter "port_clk5" = "PORT_UNUSED"
    Info (12134): Parameter "port_clkena0" = "PORT_UNUSED"
    Info (12134): Parameter "port_clkena1" = "PORT_UNUSED"
    Info (12134): Parameter "port_clkena2" = "PORT_UNUSED"
    Info (12134): Parameter "port_clkena3" = "PORT_UNUSED"
    Info (12134): Parameter "port_clkena4" = "PORT_UNUSED"
    Info (12134): Parameter "port_clkena5" = "PORT_UNUSED"
    Info (12134): Parameter "port_extclk0" = "PORT_UNUSED"
    Info (12134): Parameter "port_extclk1" = "PORT_UNUSED"
    Info (12134): Parameter "port_extclk2" = "PORT_UNUSED"
    Info (12134): Parameter "port_extclk3" = "PORT_UNUSED"
    Info (12134): Parameter "width_clock" = "5"
Info (12021): Found 1 design units, including 1 entities, in source file db/pll_ip_altpll.v
    Info (12023): Found entity 1: PLL_IP_altpll
Info (12128): Elaborating entity "PLL_IP_altpll" for hierarchy "PLL_IP:U0|altpll:altpll_component|PLL_IP_altpll:auto_generated"
Info (12128): Elaborating entity "DATABUS_SWAP" for hierarchy "DATABUS_SWAP:U1"
Info (12128): Elaborating entity "FPGAWR_DSPRE_CTRL" for hierarchy "FPGAWR_DSPRE_CTRL:U2"
Warning (10492): VHDL Process Statement warning at FPGAWR_DSPRE_CTRL.vhd(48): signal "XA" is read inside the Process Statement but isn't in the Process Statement's sensitivity list
Warning (10492): VHDL Process Statement warning at FPGAWR_DSPRE_CTRL.vhd(50): signal "ADDR_FPGAWR" is read inside the Process Statement but isn't in the Process Statement's sensitivity list
Warning (10492): VHDL Process Statement warning at FPGAWR_DSPRE_CTRL.vhd(71): signal "CH_CNT" is read inside the Process Statement but isn't in the Process Statement's sensitivity list
Warning (10492): VHDL Process Statement warning at FPGAWR_DSPRE_CTRL.vhd(71): signal "ADDRESS_CH" is read inside the Process Statement but isn't in the Process Statement's sensitivity list
Warning (10631): VHDL Process Statement warning at FPGAWR_DSPRE_CTRL.vhd(65): inferring latch(es) for signal or variable "ADDR_FPGAWR", which holds its previous value in one or more paths through the process
Info (10041): Inferred latch for "ADDR_FPGAWR[0]" at FPGAWR_DSPRE_CTRL.vhd(65)
Info (10041): Inferred latch for "ADDR_FPGAWR[1]" at FPGAWR_DSPRE_CTRL.vhd(65)
Info (10041): Inferred latch for "ADDR_FPGAWR[2]" at FPGAWR_DSPRE_CTRL.vhd(65)
Info (10041): Inferred latch for "ADDR_FPGAWR[3]" at FPGAWR_DSPRE_CTRL.vhd(65)
Info (10041): Inferred latch for "ADDR_FPGAWR[4]" at FPGAWR_DSPRE_CTRL.vhd(65)
Info (10041): Inferred latch for "ADDR_FPGAWR[5]" at FPGAWR_DSPRE_CTRL.vhd(65)
Info (10041): Inferred latch for "ADDR_FPGAWR[6]" at FPGAWR_DSPRE_CTRL.vhd(65)
Info (10041): Inferred latch for "ADDR_FPGAWR[7]" at FPGAWR_DSPRE_CTRL.vhd(65)
Info (10041): Inferred latch for "ADDR_FPGAWR[8]" at FPGAWR_DSPRE_CTRL.vhd(65)
Info (10041): Inferred latch for "ADDR_FPGAWR[9]" at FPGAWR_DSPRE_CTRL.vhd(65)
Info (10041): Inferred latch for "ADDR_FPGAWR[10]" at FPGAWR_DSPRE_CTRL.vhd(65)
Info (10041): Inferred latch for "ADDR_FPGAWR[11]" at FPGAWR_DSPRE_CTRL.vhd(65)
Info (12128): Elaborating entity "DSPWR_FPGARE_CTRL" for hierarchy "DSPWR_FPGARE_CTRL:U3"
Warning (10492): VHDL Process Statement warning at DSPWR_FPGARE_CTRL.vhd(45): signal "XA" is read inside the Process Statement but isn't in the Process Statement's sensitivity list
Warning (10492): VHDL Process Statement warning at DSPWR_FPGARE_CTRL.vhd(47): signal "ADDR_FPGARE" is read inside the Process Statement but isn't in the Process Statement's sensitivity list
Info (12128): Elaborating entity "RAM_2_PORT" for hierarchy "RAM_2_PORT:U4"
Info (12128): Elaborating entity "altsyncram" for hierarchy "RAM_2_PORT:U4|altsyncram:altsyncram_component"
Info (12130): Elaborated megafunction instantiation "RAM_2_PORT:U4|altsyncram:altsyncram_component"
Info (12133): Instantiated megafunction "RAM_2_PORT:U4|altsyncram:altsyncram_component" with the following parameter:
    Info (12134): Parameter "address_aclr_a" = "UNUSED"
    Info (12134): Parameter "address_aclr_b" = "NONE"
    Info (12134): Parameter "address_reg_b" = "CLOCK0"
    Info (12134): Parameter "byte_size" = "8"
    Info (12134): Parameter "byteena_aclr_a" = "UNUSED"
    Info (12134): Parameter "byteena_aclr_b" = "NONE"
    Info (12134): Parameter "byteena_reg_b" = "CLOCK1"
    Info (12134): Parameter "clock_enable_core_a" = "USE_INPUT_CLKEN"
    Info (12134): Parameter "clock_enable_core_b" = "USE_INPUT_CLKEN"
    Info (12134): Parameter "clock_enable_input_a" = "BYPASS"
    Info (12134): Parameter "clock_enable_input_b" = "BYPASS"
    Info (12134): Parameter "clock_enable_output_a" = "BYPASS"
    Info (12134): Parameter "clock_enable_output_b" = "BYPASS"
    Info (12134): Parameter "intended_device_family" = "Cyclone IV E"
    Info (12134): Parameter "ecc_pipeline_stage_enabled" = "FALSE"
    Info (12134): Parameter "enable_ecc" = "FALSE"
    Info (12134): Parameter "implement_in_les" = "OFF"
    Info (12134): Parameter "indata_aclr_a" = "UNUSED"
    Info (12134): Parameter "indata_aclr_b" = "NONE"
    Info (12134): Parameter "indata_reg_b" = "CLOCK0"
    Info (12134): Parameter "init_file" = "UNUSED"
    Info (12134): Parameter "init_file_layout" = "PORT_A"
    Info (12134): Parameter "maximum_depth" = "0"
    Info (12134): Parameter "numwords_a" = "4096"
    Info (12134): Parameter "numwords_b" = "4096"
    Info (12134): Parameter "operation_mode" = "BIDIR_DUAL_PORT"
    Info (12134): Parameter "outdata_aclr_a" = "NONE"
    Info (12134): Parameter "outdata_aclr_b" = "NONE"
    Info (12134): Parameter "outdata_reg_a" = "CLOCK0"
    Info (12134): Parameter "outdata_reg_b" = "CLOCK0"
    Info (12134): Parameter "power_up_uninitialized" = "FALSE"
    Info (12134): Parameter "ram_block_type" = "AUTO"
    Info (12134): Parameter "rdcontrol_aclr_b" = "NONE"
    Info (12134): Parameter "rdcontrol_reg_b" = "CLOCK1"
    Info (12134): Parameter "read_during_write_mode_mixed_ports" = "DONT_CARE"
    Info (12134): Parameter "read_during_write_mode_port_a" = "NEW_DATA_NO_NBE_READ"
    Info (12134): Parameter "read_during_write_mode_port_b" = "NEW_DATA_NO_NBE_READ"
    Info (12134): Parameter "stratixiv_m144k_allow_dual_clocks" = "ON"
    Info (12134): Parameter "width_a" = "16"
    Info (12134): Parameter "width_b" = "16"
    Info (12134): Parameter "width_byteena_a" = "1"
    Info (12134): Parameter "width_byteena_b" = "1"
    Info (12134): Parameter "width_eccstatus" = "3"
    Info (12134): Parameter "widthad_a" = "12"
    Info (12134): Parameter "widthad_b" = "12"
    Info (12134): Parameter "wrcontrol_aclr_a" = "UNUSED"
    Info (12134): Parameter "wrcontrol_aclr_b" = "NONE"
    Info (12134): Parameter "wrcontrol_wraddress_reg_b" = "CLOCK0"
    Info (12134): Parameter "lpm_hint" = "UNUSED"
    Info (12134): Parameter "lpm_type" = "altsyncram"
Info (12021): Found 1 design units, including 1 entities, in source file db/altsyncram_auq3.tdf
    Info (12023): Found entity 1: altsyncram_auq3
Info (12128): Elaborating entity "altsyncram_auq3" for hierarchy "RAM_2_PORT:U4|altsyncram:altsyncram_component|altsyncram_auq3:auto_generated"
Info (12128): Elaborating entity "AD7606_DRIVER" for hierarchy "AD7606_DRIVER:U5"
Warning (10540): VHDL Signal Declaration warning at AD7606_DRIVER.vhd(79): used explicit default value for signal "RESTIN" because signal was never assigned a value
Info (12128): Elaborating entity "REST" for hierarchy "AD7606_DRIVER:U5|REST:U1"
Info (12128): Elaborating entity "CONVENT" for hierarchy "AD7606_DRIVER:U5|CONVENT:U2"
Info (12128): Elaborating entity "READ1" for hierarchy "AD7606_DRIVER:U5|READ1:U3"
Info (12128): Elaborating entity "HIGN" for hierarchy "AD7606_DRIVER:U5|HIGN:U5"
Warning (13046): Tri-state node(s) do not directly drive top-level pin(s)
    Warning (13047): Converted the fan-out from the tri-state buffer "DATABUS_SWAP:U1|DATA_B[0]" to the node "RAM_2_PORT:U4|altsyncram:altsyncram_component|altsyncram_auq3:auto_generated|q_a[0]" into an OR gate
    Warning (13047): Converted the fan-out from the tri-state buffer "DATABUS_SWAP:U1|DATA_B[1]" to the node "RAM_2_PORT:U4|altsyncram:altsyncram_component|altsyncram_auq3:auto_generated|q_a[1]" into an OR gate
    Warning (13047): Converted the fan-out from the tri-state buffer "DATABUS_SWAP:U1|DATA_B[2]" to the node "RAM_2_PORT:U4|altsyncram:altsyncram_component|altsyncram_auq3:auto_generated|q_a[2]" into an OR gate
    Warning (13047): Converted the fan-out from the tri-state buffer "DATABUS_SWAP:U1|DATA_B[3]" to the node "RAM_2_PORT:U4|altsyncram:altsyncram_component|altsyncram_auq3:auto_generated|q_a[3]" into an OR gate
    Warning (13047): Converted the fan-out from the tri-state buffer "DATABUS_SWAP:U1|DATA_B[4]" to the node "RAM_2_PORT:U4|altsyncram:altsyncram_component|altsyncram_auq3:auto_generated|q_a[4]" into an OR gate
    Warning (13047): Converted the fan-out from the tri-state buffer "DATABUS_SWAP:U1|DATA_B[5]" to the node "RAM_2_PORT:U4|altsyncram:altsyncram_component|altsyncram_auq3:auto_generated|q_a[5]" into an OR gate
    Warning (13047): Converted the fan-out from the tri-state buffer "DATABUS_SWAP:U1|DATA_B[6]" to the node "RAM_2_PORT:U4|altsyncram:altsyncram_component|altsyncram_auq3:auto_generated|q_a[6]" into an OR gate
    Warning (13047): Converted the fan-out from the tri-state buffer "DATABUS_SWAP:U1|DATA_B[7]" to the node "RAM_2_PORT:U4|altsyncram:altsyncram_component|altsyncram_auq3:auto_generated|q_a[7]" into an OR gate
    Warning (13047): Converted the fan-out from the tri-state buffer "DATABUS_SWAP:U1|DATA_B[8]" to the node "RAM_2_PORT:U4|altsyncram:altsyncram_component|altsyncram_auq3:auto_generated|q_a[8]" into an OR gate
    Warning (13047): Converted the fan-out from the tri-state buffer "DATABUS_SWAP:U1|DATA_B[9]" to the node "RAM_2_PORT:U4|altsyncram:altsyncram_component|altsyncram_auq3:auto_generated|q_a[9]" into an OR gate
    Warning (13047): Converted the fan-out from the tri-state buffer "DATABUS_SWAP:U1|DATA_B[10]" to the node "RAM_2_PORT:U4|altsyncram:altsyncram_component|altsyncram_auq3:auto_generated|q_a[10]" into an OR gate
    Warning (13047): Converted the fan-out from the tri-state buffer "DATABUS_SWAP:U1|DATA_B[11]" to the node "RAM_2_PORT:U4|altsyncram:altsyncram_component|altsyncram_auq3:auto_generated|q_a[11]" into an OR gate
    Warning (13047): Converted the fan-out from the tri-state buffer "DATABUS_SWAP:U1|DATA_B[12]" to the node "RAM_2_PORT:U4|altsyncram:altsyncram_component|altsyncram_auq3:auto_generated|q_a[12]" into an OR gate
    Warning (13047): Converted the fan-out from the tri-state buffer "DATABUS_SWAP:U1|DATA_B[13]" to the node "RAM_2_PORT:U4|altsyncram:altsyncram_component|altsyncram_auq3:auto_generated|q_a[13]" into an OR gate
    Warning (13047): Converted the fan-out from the tri-state buffer "DATABUS_SWAP:U1|DATA_B[14]" to the node "RAM_2_PORT:U4|altsyncram:altsyncram_component|altsyncram_auq3:auto_generated|q_a[14]" into an OR gate
    Warning (13047): Converted the fan-out from the tri-state buffer "DATABUS_SWAP:U1|DATA_B[15]" to the node "RAM_2_PORT:U4|altsyncram:altsyncram_component|altsyncram_auq3:auto_generated|q_a[15]" into an OR gate
Info (286030): Timing-Driven Synthesis is running
Info (16010): Generating hard_block partition "hard_block:auto_generated_inst"
    Info (16011): Adding 1 node(s), including 0 DDIO, 1 PLL, 0 transceiver and 0 LCELL
Warning (21074): Design contains 1 input pin(s) that do not drive logic
    Warning (15610): No output dependent on input pin "FIRSTDATA"
Info (21057): Implemented 259 device resources after synthesis - the final resource count might be different
    Info (21058): Implemented 34 input pins
    Info (21059): Implemented 21 output pins
    Info (21060): Implemented 16 bidirectional pins
    Info (21061): Implemented 171 logic cells
    Info (21064): Implemented 16 RAM segments
    Info (21065): Implemented 1 PLLs
Info: Quartus II 64-Bit Analysis & Synthesis was successful. 0 errors, 27 warnings
    Info: Peak virtual memory: 4696 megabytes
    Info: Processing ended: Wed Feb 15 21:49:48 2023
    Info: Elapsed time: 00:00:08
    Info: Total CPU time (on all processors): 00:00:02


